#
# A fatal error has been detected by the Java Runtime Environment:
#
#  EXCEPTION_ACCESS_VIOLATION (0xc0000005) at pc=0x000000018021bb6e, pid=3524, tid=3972
#
# JRE version: Java(TM) SE Runtime Environment (8.0_20-b26) (build 1.8.0_20-b26)
# Java VM: Java HotSpot(TM) 64-Bit Server VM (25.20-b23 mixed mode windows-amd64 compressed oops)
# Problematic frame:
# C  [ig75icd64.dll+0x21bb6e]
#
# Failed to write core dump. Minidumps are not enabled by default on client versions of Windows
#
# If you would like to submit a bug report, please visit:
#   http://bugreport.sun.com/bugreport/crash.jsp
# The crash happened outside the Java Virtual Machine in native code.
# See problematic frame for where to report the bug.
#

---------------  T H R E A D  ---------------

Current thread (0x00000000196a2000):  JavaThread "RenderThread" [_thread_in_native, id=3972, stack(0x000000001e8c0000,0x000000001e9c0000)]

siginfo: ExceptionCode=0xc0000005, reading address 0x0000000000000010

Registers:
RAX=0x0000000000000001, RBX=0x0000000021878780, RCX=0x0000000000000001, RDX=0x0000000021aecd00
RSP=0x000000001e9be710, RBP=0x0000000021aecd00, RSI=0x000000001e9be8d8, RDI=0x0000000021878780
R8 =0x0000000000000001, R9 =0x0000000021a50510, R10=0x0000000000000000, R11=0x00000000217e8270
R12=0x00000001804bb110, R13=0x000000001fd6c280, R14=0x000000001e9be8e8, R15=0x00000000196a2000
RIP=0x000000018021bb6e, EFLAGS=0x0000000000010246

Top of Stack: (sp=0x000000001e9be710)
0x000000001e9be710:   000000001e9be8e8 000000001fd6c280
0x000000001e9be720:   00000001804bb110 0000000000000000
0x000000001e9be730:   0000000022454580 000000018014360e
0x000000001e9be740:   00000000217c21c0 0000000000000001
0x000000001e9be750:   0000000000000000 0000000000000000
0x000000001e9be760:   0000000021878780 000000018031e427
0x000000001e9be770:   0000000022454580 000000001e9be8d8
0x000000001e9be780:   000000000000000c 0000000000000000
0x000000001e9be790:   fffffffffffffffe 0000000000000000
0x000000001e9be7a0:   00000001804bad50 000000001e9be7a8
0x000000001e9be7b0:   000000001fd6c280 000000001e9be8d8
0x000000001e9be7c0:   0000000022454580 000000006451786c
0x000000001e9be7d0:   00000000196a21e8 000000001e9be8d8
0x000000001e9be7e0:   00000001804bb110 0000000002fc9c75
0x000000001e9be7f0:   000000001fd6c280 0000000000000168
0x000000001e9be800:   00000000000013bd 000000001e9be8a8 

Instructions: (pc=0x000000018021bb6e)
0x000000018021bb4e:   00 00 49 8b 04 c1 48 39 90 c0 00 00 00 74 2b ff
0x000000018021bb5e:   c1 8b c1 49 3b c0 72 ea 4c 89 53 50 48 89 53 58
0x000000018021bb6e:   4d 8b 42 10 48 8d 4b 78 e8 15 69 19 00 c6 83 20
0x000000018021bb7e:   01 00 00 01 48 83 c4 20 5b c3 8b c1 48 8d 0c c5 


Register to memory mapping:

RAX=0x0000000000000001 is an unknown value
RBX=0x0000000021878780 is an unknown value
RCX=0x0000000000000001 is an unknown value
RDX=0x0000000021aecd00 is an unknown value
RSP=0x000000001e9be710 is pointing into the stack for thread: 0x00000000196a2000
RBP=0x0000000021aecd00 is an unknown value
RSI=0x000000001e9be8d8 is pointing into the stack for thread: 0x00000000196a2000
RDI=0x0000000021878780 is an unknown value
R8 =0x0000000000000001 is an unknown value
R9 =0x0000000021a50510 is an unknown value
R10=0x0000000000000000 is an unknown value
R11=0x00000000217e8270 is an unknown value
R12=0x00000001804bb110 is an unknown value
R13={method} {0x000000001fd6c288} 'dispatch_glGetAttribLocation1' '(ILjava/lang/String;J)I' in 'jogamp/opengl/gl4/GL4bcImpl'
R14=0x000000001e9be8e8 is pointing into the stack for thread: 0x00000000196a2000
R15=0x00000000196a2000 is a thread


Stack: [0x000000001e8c0000,0x000000001e9c0000],  sp=0x000000001e9be710,  free space=1017k
Native frames: (J=compiled Java code, j=interpreted, Vv=VM code, C=native code)
C  [ig75icd64.dll+0x21bb6e]
C  [ig75icd64.dll+0x14360e]
C  [ig75icd64.dll+0x31e427]
C  [jogl_desktop.dll+0x1786c]
C  0x0000000002565b74

Java frames: (J=compiled Java code, j=interpreted, Vv=VM code)
j  jogamp.opengl.gl4.GL4bcImpl.dispatch_glGetAttribLocation1(ILjava/lang/String;J)I+0
j  jogamp.opengl.gl4.GL4bcImpl.glGetAttribLocation(ILjava/lang/String;)I+47
j  javax.media.opengl.DebugGL4bc.glGetAttribLocation(ILjava/lang/String;)I+10
j  com.jaamsim.render.OverlayTexture.setupVAO(ILcom/jaamsim/render/Renderer;)V+43
j  com.jaamsim.render.OverlayTexture.render(ILcom/jaamsim/render/Renderer;DDLcom/jaamsim/render/Camera;Lcom/jaamsim/math/Ray;)V+123
j  com.jaamsim.render.Renderer.renderScene(Ljavax/media/opengl/GLContext;ILjava/util/List;Ljava/util/List;Lcom/jaamsim/render/Camera;IILcom/jaamsim/math/Ray;ILcom/jaamsim/render/Renderer$PerfInfo;)V+669
j  com.jaamsim.render.Renderer.access$9(Lcom/jaamsim/render/Renderer;Ljavax/media/opengl/GLContext;ILjava/util/List;Ljava/util/List;Lcom/jaamsim/render/Camera;IILcom/jaamsim/math/Ray;ILcom/jaamsim/render/Renderer$PerfInfo;)V+18
j  com.jaamsim.render.Renderer$RenderGLListener.display(Ljavax/media/opengl/GLAutoDrawable;)V+208
j  jogamp.opengl.GLDrawableHelper.displayImpl(Ljavax/media/opengl/GLAutoDrawable;)V+81
j  jogamp.opengl.GLDrawableHelper.display(Ljavax/media/opengl/GLAutoDrawable;)V+2
j  jogamp.opengl.GLAutoDrawableBase$2.run()V+59
j  jogamp.opengl.GLDrawableHelper.invokeGLImpl(Ljavax/media/opengl/GLDrawable;Ljavax/media/opengl/GLContext;Ljava/lang/Runnable;Ljava/lang/Runnable;)V+206
j  jogamp.opengl.GLDrawableHelper.invokeGL(Ljavax/media/opengl/GLDrawable;Ljavax/media/opengl/GLContext;Ljava/lang/Runnable;Ljava/lang/Runnable;)V+80
j  com.jogamp.newt.opengl.GLWindow.display()V+90
j  com.jaamsim.render.Renderer.mainRenderLoop()V+661
j  com.jaamsim.render.Renderer.access$17(Lcom/jaamsim/render/Renderer;)V+1
j  com.jaamsim.render.Renderer$1.run()V+4
j  java.lang.Thread.run()V+11
v  ~StubRoutines::call_stub

---------------  P R O C E S S  ---------------

Java Threads: ( => current thread )
  0x000000001d94d000 JavaThread "Image Fetcher 0" daemon [_thread_blocked, id=3952, stack(0x000000001c800000,0x000000001c900000)]
  0x000000001d94f800 JavaThread "DestroyJavaVM" [_thread_blocked, id=7128, stack(0x0000000002300000,0x0000000002400000)]
  0x000000001d94b800 JavaThread "Idle World Wind Task " daemon [_thread_blocked, id=5216, stack(0x0000000029650000,0x0000000029750000)]
  0x000000001d94a800 JavaThread "Idle World Wind Task " daemon [_thread_blocked, id=2152, stack(0x0000000029550000,0x0000000029650000)]
  0x000000001d94e000 JavaThread "Idle World Wind Task " daemon [_thread_blocked, id=7584, stack(0x0000000029450000,0x0000000029550000)]
  0x000000001d945800 JavaThread "Idle World Wind Task " daemon [_thread_blocked, id=6572, stack(0x0000000028010000,0x0000000028110000)]
  0x000000001d947000 JavaThread "Idle World Wind Task " daemon [_thread_blocked, id=5612, stack(0x0000000027c30000,0x0000000027d30000)]
  0x000000001d948800 JavaThread "Swing-Shell" daemon [_thread_blocked, id=3332, stack(0x0000000022010000,0x0000000022110000)]
  0x000000001d94a000 JavaThread "Thread-16" daemon [_thread_blocked, id=880, stack(0x0000000023dc0000,0x0000000023ec0000)]
  0x000000001d946000 JavaThread "TimerQueue" daemon [_thread_blocked, id=5424, stack(0x0000000023cc0000,0x0000000023dc0000)]
  0x000000001db7c800 JavaThread "RenderThread-Display-.windows_nil-1-EDT-1" daemon [_thread_blocked, id=9084, stack(0x0000000021f10000,0x0000000022010000)]
  0x000000001db79800 JavaThread "RenderThread-SharedResourceRunner" daemon [_thread_blocked, id=10016, stack(0x000000001ff60000,0x0000000020060000)]
  0x0000000019709000 JavaThread "D3D Screen Updater" daemon [_thread_in_native, id=9508, stack(0x000000001edc0000,0x000000001eec0000)]
  0x0000000019a88000 JavaThread "RedrawThread" [_thread_blocked, id=8592, stack(0x000000001eac0000,0x000000001ebc0000)]
  0x000000001985a800 JavaThread "RenderManagerThread" [_thread_blocked, id=4548, stack(0x000000001e9c0000,0x000000001eac0000)]
=>0x00000000196a2000 JavaThread "RenderThread" [_thread_in_native, id=3972, stack(0x000000001e8c0000,0x000000001e9c0000)]
  0x0000000019538000 JavaThread "AWT-EventQueue-0" [_thread_blocked, id=6240, stack(0x000000001cb00000,0x000000001cc00000)]
  0x0000000018cff800 JavaThread "AWT-Windows" daemon [_thread_in_native, id=2876, stack(0x0000000019d10000,0x0000000019e10000)]
  0x0000000018cfe000 JavaThread "AWT-Shutdown" [_thread_blocked, id=4288, stack(0x0000000019c10000,0x0000000019d10000)]
  0x0000000018cfd800 JavaThread "Java2D Disposer" daemon [_thread_blocked, id=2200, stack(0x0000000019b10000,0x0000000019c10000)]
  0x0000000018936000 JavaThread "Service Thread" daemon [_thread_blocked, id=5364, stack(0x0000000018d20000,0x0000000018e20000)]
  0x0000000017124000 JavaThread "C1 CompilerThread2" daemon [_thread_blocked, id=3308, stack(0x0000000018820000,0x0000000018920000)]
  0x000000001711b800 JavaThread "C2 CompilerThread1" daemon [_thread_blocked, id=7192, stack(0x0000000018720000,0x0000000018820000)]
  0x00000000170ce000 JavaThread "C2 CompilerThread0" daemon [_thread_blocked, id=8316, stack(0x0000000018620000,0x0000000018720000)]
  0x00000000170cb800 JavaThread "Attach Listener" daemon [_thread_blocked, id=5788, stack(0x0000000018520000,0x0000000018620000)]
  0x00000000170ca000 JavaThread "Signal Dispatcher" daemon [_thread_blocked, id=1352, stack(0x0000000018420000,0x0000000018520000)]
  0x0000000002543000 JavaThread "Finalizer" daemon [_thread_blocked, id=6748, stack(0x0000000018320000,0x0000000018420000)]
  0x000000000253c000 JavaThread "Reference Handler" daemon [_thread_blocked, id=5796, stack(0x0000000018220000,0x0000000018320000)]

Other Threads:
  0x0000000017096000 VMThread [stack: 0x0000000018120000,0x0000000018220000] [id=5760]
  0x0000000018938800 WatcherThread [stack: 0x0000000018e20000,0x0000000018f20000] [id=1636]

VM state:at safepoint (normal execution)

VM Mutex/Monitor currently owned by a thread:  ([mutex/lock_event])
[0x000000000244d4b0] Safepoint_lock - owner thread: 0x0000000017096000
[0x000000000244d530] Threads_lock - owner thread: 0x0000000017096000

Heap:
 PSYoungGen      total 184832K, used 15341K [0x00000000d5b80000, 0x00000000e2000000, 0x0000000100000000)
  eden space 176640K, 8% used [0x00000000d5b80000,0x00000000d6a7b618,0x00000000e0800000)
  from space 8192K, 0% used [0x00000000e1500000,0x00000000e1500000,0x00000000e1d00000)
  to   space 12288K, 0% used [0x00000000e0800000,0x00000000e0800000,0x00000000e1400000)
 ParOldGen       total 93184K, used 23790K [0x0000000081200000, 0x0000000086d00000, 0x00000000d5b80000)
  object space 93184K, 25% used [0x0000000081200000,0x000000008293b898,0x0000000086d00000)
 Metaspace       used 35806K, capacity 36079K, committed 36392K, reserved 1081344K
  class space    used 4317K, capacity 4390K, committed 4480K, reserved 1048576K

Card table byte_map: [0x0000000011910000,0x0000000011d10000] byte_map_base: 0x0000000011507000

Marking Bits: (ParMarkBitMap*) 0x0000000062e9b460
 Begin Bits: [0x00000000123c0000, 0x0000000014378000)
 End Bits:   [0x0000000014378000, 0x0000000016330000)

Polling page: 0x0000000002240000

CodeCache: size=245760Kb used=14214Kb max_used=14252Kb free=231545Kb
 bounds [0x0000000002550000, 0x0000000003390000, 0x0000000011550000]
 total_blobs=5481 nmethods=4431 adapters=960
 compilation: enabled

Compilation events (10 events):
Event: 14.108 Thread 0x000000001711b800 nmethod 4989 0x0000000002851310 code [0x0000000002851480, 0x0000000002851578]
Event: 14.108 Thread 0x0000000017124000 nmethod 4985 0x0000000002b6d010 code [0x0000000002b6d160, 0x0000000002b6d270]
Event: 14.108 Thread 0x0000000017124000 4979       1       com.jaamsim.input.Input::getCategory (5 bytes)
Event: 14.109 Thread 0x0000000017124000 nmethod 4979 0x0000000002851e10 code [0x0000000002851f60, 0x0000000002852070]
Event: 14.109 Thread 0x0000000017124000 4981       1       javax.swing.JScrollPane::getColumnHeader (5 bytes)
Event: 14.109 Thread 0x0000000017124000 nmethod 4981 0x0000000002851b50 code [0x0000000002851ca0, 0x0000000002851db0]
Event: 14.109 Thread 0x0000000017124000 4974       1       sun.awt.windows.WPanelPeer::getInsets (5 bytes)
Event: 14.109 Thread 0x0000000017124000 nmethod 4974 0x0000000002851050 code [0x00000000028511a0, 0x00000000028512b0]
Event: 14.109 Thread 0x0000000017124000 4973       1       javax.swing.plaf.basic.BasicTreeUI::getRightChildIndent (5 bytes)
Event: 14.109 Thread 0x0000000017124000 nmethod 4973 0x0000000002850d90 code [0x0000000002850ee0, 0x0000000002850ff0]

GC Heap History (10 events):
Event: 2.710 GC heap before
{Heap before GC invocations=8 (full 1):
 PSYoungGen      total 90112K, used 85377K [0x00000000d5b80000, 0x00000000dc080000, 0x0000000100000000)
  eden space 81408K, 100% used [0x00000000d5b80000,0x00000000dab00000,0x00000000dab00000)
  from space 8704K, 45% used [0x00000000db380000,0x00000000db7607b8,0x00000000dbc00000)
  to   space 8704K, 0% used [0x00000000dab00000,0x00000000dab00000,0x00000000db380000)
 ParOldGen       total 54784K, used 6295K [0x0000000081200000, 0x0000000084780000, 0x00000000d5b80000)
  object space 54784K, 11% used [0x0000000081200000,0x0000000081825eb8,0x0000000084780000)
 Metaspace       used 27765K, capacity 27971K, committed 28288K, reserved 1075200K
  class space    used 3405K, capacity 3438K, committed 3456K, reserved 1048576K
Event: 2.717 GC heap after
Heap after GC invocations=8 (full 1):
 PSYoungGen      total 90112K, used 4033K [0x00000000d5b80000, 0x00000000ded00000, 0x0000000100000000)
  eden space 81408K, 0% used [0x00000000d5b80000,0x00000000d5b80000,0x00000000dab00000)
  from space 8704K, 46% used [0x00000000dab00000,0x00000000daef0778,0x00000000db380000)
  to   space 8192K, 0% used [0x00000000de500000,0x00000000de500000,0x00000000ded00000)
 ParOldGen       total 54784K, used 6303K [0x0000000081200000, 0x0000000084780000, 0x00000000d5b80000)
  object space 54784K, 11% used [0x0000000081200000,0x0000000081827eb8,0x0000000084780000)
 Metaspace       used 27765K, capacity 27971K, committed 28288K, reserved 1075200K
  class space    used 3405K, capacity 3438K, committed 3456K, reserved 1048576K
}
Event: 2.785 GC heap before
{Heap before GC invocations=9 (full 1):
 PSYoungGen      total 90112K, used 85441K [0x00000000d5b80000, 0x00000000ded00000, 0x0000000100000000)
  eden space 81408K, 100% used [0x00000000d5b80000,0x00000000dab00000,0x00000000dab00000)
  from space 8704K, 46% used [0x00000000dab00000,0x00000000daef0778,0x00000000db380000)
  to   space 8192K, 0% used [0x00000000de500000,0x00000000de500000,0x00000000ded00000)
 ParOldGen       total 54784K, used 6303K [0x0000000081200000, 0x0000000084780000, 0x00000000d5b80000)
  object space 54784K, 11% used [0x0000000081200000,0x0000000081827eb8,0x0000000084780000)
 Metaspace       used 27829K, capacity 28035K, committed 28288K, reserved 1075200K
  class space    used 3405K, capacity 3438K, committed 3456K, reserved 1048576K
Event: 2.792 GC heap after
Heap after GC invocations=9 (full 1):
 PSYoungGen      total 140288K, used 1024K [0x00000000d5b80000, 0x00000000df200000, 0x0000000100000000)
  eden space 132096K, 0% used [0x00000000d5b80000,0x00000000d5b80000,0x00000000ddc80000)
  from space 8192K, 12% used [0x00000000de500000,0x00000000de600030,0x00000000ded00000)
  to   space 8704K, 0% used [0x00000000ddc80000,0x00000000ddc80000,0x00000000de500000)
 ParOldGen       total 54784K, used 9554K [0x0000000081200000, 0x0000000084780000, 0x00000000d5b80000)
  object space 54784K, 17% used [0x0000000081200000,0x0000000081b54898,0x0000000084780000)
 Metaspace       used 27829K, capacity 28035K, committed 28288K, reserved 1075200K
  class space    used 3405K, capacity 3438K, committed 3456K, reserved 1048576K
}
Event: 3.981 GC heap before
{Heap before GC invocations=10 (full 1):
 PSYoungGen      total 140288K, used 133120K [0x00000000d5b80000, 0x00000000df200000, 0x0000000100000000)
  eden space 132096K, 100% used [0x00000000d5b80000,0x00000000ddc80000,0x00000000ddc80000)
  from space 8192K, 12% used [0x00000000de500000,0x00000000de600030,0x00000000ded00000)
  to   space 8704K, 0% used [0x00000000ddc80000,0x00000000ddc80000,0x00000000de500000)
 ParOldGen       total 54784K, used 9554K [0x0000000081200000, 0x0000000084780000, 0x00000000d5b80000)
  object space 54784K, 17% used [0x0000000081200000,0x0000000081b54898,0x0000000084780000)
 Metaspace       used 32249K, capacity 32467K, committed 32768K, reserved 1077248K
  class space    used 3960K, capacity 4030K, committed 4096K, reserved 1048576K
Event: 3.990 GC heap after
Heap after GC invocations=10 (full 1):
 PSYoungGen      total 140800K, used 3065K [0x00000000d5b80000, 0x00000000e1d00000, 0x0000000100000000)
  eden space 132096K, 0% used [0x00000000d5b80000,0x00000000d5b80000,0x00000000ddc80000)
  from space 8704K, 35% used [0x00000000ddc80000,0x00000000ddf7e618,0x00000000de500000)
  to   space 8192K, 0% used [0x00000000e1500000,0x00000000e1500000,0x00000000e1d00000)
 ParOldGen       total 54784K, used 9930K [0x0000000081200000, 0x0000000084780000, 0x00000000d5b80000)
  object space 54784K, 18% used [0x0000000081200000,0x0000000081bb2898,0x0000000084780000)
 Metaspace       used 32249K, capacity 32467K, committed 32768K, reserved 1077248K
  class space    used 3960K, capacity 4030K, committed 4096K, reserved 1048576K
}
Event: 5.680 GC heap before
{Heap before GC invocations=11 (full 1):
 PSYoungGen      total 140800K, used 100144K [0x00000000d5b80000, 0x00000000e1d00000, 0x0000000100000000)
  eden space 132096K, 73% used [0x00000000d5b80000,0x00000000dba4dc68,0x00000000ddc80000)
  from space 8704K, 35% used [0x00000000ddc80000,0x00000000ddf7e618,0x00000000de500000)
  to   space 8192K, 0% used [0x00000000e1500000,0x00000000e1500000,0x00000000e1d00000)
 ParOldGen       total 54784K, used 9930K [0x0000000081200000, 0x0000000084780000, 0x00000000d5b80000)
  object space 54784K, 18% used [0x0000000081200000,0x0000000081bb2898,0x0000000084780000)
 Metaspace       used 35066K, capacity 35273K, committed 35496K, reserved 1081344K
  class space    used 4248K, capacity 4321K, committed 4352K, reserved 1048576K
Event: 5.689 GC heap after
Heap after GC invocations=11 (full 1):
 PSYoungGen      total 184832K, used 8176K [0x00000000d5b80000, 0x00000000e2000000, 0x0000000100000000)
  eden space 176640K, 0% used [0x00000000d5b80000,0x00000000d5b80000,0x00000000e0800000)
  from space 8192K, 99% used [0x00000000e1500000,0x00000000e1cfc310,0x00000000e1d00000)
  to   space 12288K, 0% used [0x00000000e0800000,0x00000000e0800000,0x00000000e1400000)
 ParOldGen       total 54784K, used 17595K [0x0000000081200000, 0x0000000084780000, 0x00000000d5b80000)
  object space 54784K, 32% used [0x0000000081200000,0x000000008232ef70,0x0000000084780000)
 Metaspace       used 35066K, capacity 35273K, committed 35496K, reserved 1081344K
  class space    used 4248K, capacity 4321K, committed 4352K, reserved 1048576K
}
Event: 5.689 GC heap before
{Heap before GC invocations=12 (full 2):
 PSYoungGen      total 184832K, used 8176K [0x00000000d5b80000, 0x00000000e2000000, 0x0000000100000000)
  eden space 176640K, 0% used [0x00000000d5b80000,0x00000000d5b80000,0x00000000e0800000)
  from space 8192K, 99% used [0x00000000e1500000,0x00000000e1cfc310,0x00000000e1d00000)
  to   space 12288K, 0% used [0x00000000e0800000,0x00000000e0800000,0x00000000e1400000)
 ParOldGen       total 54784K, used 17595K [0x0000000081200000, 0x0000000084780000, 0x00000000d5b80000)
  object space 54784K, 32% used [0x0000000081200000,0x000000008232ef70,0x0000000084780000)
 Metaspace       used 35066K, capacity 35273K, committed 35496K, reserved 1081344K
  class space    used 4248K, capacity 4321K, committed 4352K, reserved 1048576K
Event: 5.770 GC heap after
Heap after GC invocations=12 (full 2):
 PSYoungGen      total 184832K, used 0K [0x00000000d5b80000, 0x00000000e2000000, 0x0000000100000000)
  eden space 176640K, 0% used [0x00000000d5b80000,0x00000000d5b80000,0x00000000e0800000)
  from space 8192K, 0% used [0x00000000e1500000,0x00000000e1500000,0x00000000e1d00000)
  to   space 12288K, 0% used [0x00000000e0800000,0x00000000e0800000,0x00000000e1400000)
 ParOldGen       total 93184K, used 23790K [0x0000000081200000, 0x0000000086d00000, 0x00000000d5b80000)
  object space 93184K, 25% used [0x0000000081200000,0x000000008293b898,0x0000000086d00000)
 Metaspace       used 35066K, capacity 35273K, committed 35496K, reserved 1081344K
  class space    used 4248K, capacity 4321K, committed 4352K, reserved 1048576K
}

Deoptimization events (10 events):
Event: 3.918 Thread 0x000000001985a800 Uncommon trap: reason=class_check action=maybe_recompile pc=0x0000000002f57d30 method=com.sun.org.apache.xerces.internal.impl.XMLDocumentFragmentScannerImpl$FragmentContentDriver.next()I @ 435
Event: 4.565 Thread 0x0000000019538000 Uncommon trap: reason=bimorphic action=maybe_recompile pc=0x0000000002b25530 method=java.util.Hashtable.put(Ljava/lang/Object;Ljava/lang/Object;)Ljava/lang/Object; @ 60
Event: 4.656 Thread 0x000000001d945800 Uncommon trap: reason=class_check action=maybe_recompile pc=0x00000000031a5ff4 method=gov.nasa.worldwind.util.BufferWrapper$ShortBufferWrapper.getDouble(I)D @ 4
Event: 4.656 Thread 0x000000001d945800 Uncommon trap: reason=class_check action=maybe_recompile pc=0x00000000031a5ff4 method=gov.nasa.worldwind.util.BufferWrapper$ShortBufferWrapper.getDouble(I)D @ 4
Event: 4.656 Thread 0x000000001d945800 Uncommon trap: reason=class_check action=maybe_recompile pc=0x00000000031a5ff4 method=gov.nasa.worldwind.util.BufferWrapper$ShortBufferWrapper.getDouble(I)D @ 4
Event: 4.656 Thread 0x000000001d945800 Uncommon trap: reason=class_check action=maybe_recompile pc=0x00000000031a5ff4 method=gov.nasa.worldwind.util.BufferWrapper$ShortBufferWrapper.getDouble(I)D @ 4
Event: 5.039 Thread 0x000000001d94e000 Uncommon trap: reason=class_check action=maybe_recompile pc=0x0000000003153e94 method=com.sun.org.apache.xerces.internal.impl.XMLDocumentFragmentScannerImpl$FragmentContentDriver.next()I @ 2222
Event: 5.040 Thread 0x000000001d94e000 Uncommon trap: reason=class_check action=maybe_recompile pc=0x000000000315509c method=com.sun.org.apache.xerces.internal.impl.XMLDocumentFragmentScannerImpl$FragmentContentDriver.next()I @ 1414
Event: 5.128 Thread 0x000000001d94a800 Uncommon trap: reason=class_check action=maybe_recompile pc=0x0000000003153e94 method=com.sun.org.apache.xerces.internal.impl.XMLDocumentFragmentScannerImpl$FragmentContentDriver.next()I @ 2222
Event: 5.131 Thread 0x0000000019538000 Uncommon trap: reason=null_check action=make_not_entrant pc=0x0000000002802e74 method=java.lang.StringCoding.deref(Ljava/lang/ThreadLocal;)Ljava/lang/Object; @ 4

Internal exceptions (10 events):
Event: 5.144 Thread 0x0000000019538000 Exception <a 'java/security/PrivilegedActionException'> (0x00000000db901828) thrown at [D:\re\workspace\8-2-build-windows-amd64-cygwin\jdk8u20\1074\hotspot\src\share\vm\prims\jvm.cpp, line 1275]
Event: 5.647 Thread 0x000000001d947000 Exception <a 'java/security/PrivilegedActionException'> (0x00000000d97778d0) thrown at [D:\re\workspace\8-2-build-windows-amd64-cygwin\jdk8u20\1074\hotspot\src\share\vm\prims\jvm.cpp, line 1275]
Event: 13.685 Thread 0x000000001db7c800 Exception <a 'java/security/PrivilegedActionException'> (0x00000000d61d8fb0) thrown at [D:\re\workspace\8-2-build-windows-amd64-cygwin\jdk8u20\1074\hotspot\src\share\vm\prims\jvm.cpp, line 1275]
Event: 13.686 Thread 0x0000000019538000 Exception <a 'java/security/PrivilegedActionException'> (0x00000000d61c6660) thrown at [D:\re\workspace\8-2-build-windows-amd64-cygwin\jdk8u20\1074\hotspot\src\share\vm\prims\jvm.cpp, line 1275]
Event: 13.687 Thread 0x000000001d947800 Exception <a 'java/security/PrivilegedActionException'> (0x00000000d61e21e8) thrown at [D:\re\workspace\8-2-build-windows-amd64-cygwin\jdk8u20\1074\hotspot\src\share\vm\prims\jvm.cpp, line 1275]
Event: 13.688 Thread 0x000000001985a800 Exception <a 'java/security/PrivilegedActionException'> (0x00000000d621f698) thrown at [D:\re\workspace\8-2-build-windows-amd64-cygwin\jdk8u20\1074\hotspot\src\share\vm\prims\jvm.cpp, line 1275]
Event: 13.689 Thread 0x000000001985a800 Exception <a 'java/security/PrivilegedActionException'> (0x00000000d6220fa0) thrown at [D:\re\workspace\8-2-build-windows-amd64-cygwin\jdk8u20\1074\hotspot\src\share\vm\prims\jvm.cpp, line 1275]
Event: 13.806 Thread 0x0000000019538000 Exception <a 'java/security/PrivilegedActionException'> (0x00000000d63c4de0) thrown at [D:\re\workspace\8-2-build-windows-amd64-cygwin\jdk8u20\1074\hotspot\src\share\vm\prims\jvm.cpp, line 1275]
Event: 13.815 Thread 0x000000001d947800 Exception <a 'java/security/PrivilegedActionException'> (0x00000000d65a6d88) thrown at [D:\re\workspace\8-2-build-windows-amd64-cygwin\jdk8u20\1074\hotspot\src\share\vm\prims\jvm.cpp, line 1275]
Event: 13.977 Thread 0x00000000196a2000 Exception <a 'java/lang/reflect/InvocationTargetException'> (0x00000000d63d6b78) thrown at [D:\re\workspace\8-2-build-windows-amd64-cygwin\jdk8u20\1074\hotspot\src\share\vm\runtime\reflection.cpp, line 1079]

Events (10 events):
Event: 14.105 Executing VM operation: RevokeBias
Event: 14.105 Executing VM operation: RevokeBias done
Event: 14.105 Executing VM operation: RevokeBias
Event: 14.105 Executing VM operation: RevokeBias done
Event: 14.105 Executing VM operation: RevokeBias
Event: 14.105 Executing VM operation: RevokeBias done
Event: 14.105 Executing VM operation: RevokeBias
Event: 14.105 Executing VM operation: RevokeBias done
Event: 14.105 Executing VM operation: RevokeBias
Event: 14.105 Executing VM operation: RevokeBias done


Dynamic libraries:
0x00007ff7347e0000 - 0x00007ff734814000 	C:\Program Files\Java\jre1.8.0_20\bin\javaw.exe
0x00007ffb71f60000 - 0x00007ffb72106000 	C:\windows\SYSTEM32\ntdll.dll
0x00007ffb70de0000 - 0x00007ffb70f1a000 	C:\windows\system32\KERNEL32.DLL
0x00007ffb6f590000 - 0x00007ffb6f69f000 	C:\windows\system32\KERNELBASE.dll
0x00007ffb6def0000 - 0x00007ffb6df78000 	C:\windows\system32\apphelp.dll
0x00007ffb5fee0000 - 0x00007ffb5ff2f000 	C:\windows\AppPatch\AppPatch64\AcGenral.DLL
0x00007ffb71120000 - 0x00007ffb711c7000 	C:\windows\system32\msvcrt.dll
0x00007ffb6f190000 - 0x00007ffb6f1bb000 	C:\windows\SYSTEM32\SspiCli.dll
0x00007ffb6f970000 - 0x00007ffb6f9c1000 	C:\windows\system32\SHLWAPI.dll
0x00007ffb712b0000 - 0x00007ffb71421000 	C:\windows\system32\USER32.dll
0x00007ffb6f7f0000 - 0x00007ffb6f968000 	C:\windows\system32\ole32.dll
0x00007ffb6f9d0000 - 0x00007ffb70ddf000 	C:\windows\system32\SHELL32.dll
0x00007ffb6e970000 - 0x00007ffb6e98e000 	C:\windows\SYSTEM32\USERENV.dll
0x00007ffb71e50000 - 0x00007ffb71ef5000 	C:\windows\system32\ADVAPI32.dll
0x00007ffb5f2a0000 - 0x00007ffb5f2bb000 	C:\windows\SYSTEM32\MPR.dll
0x00007ffb71d10000 - 0x00007ffb71e47000 	C:\windows\system32\RPCRT4.dll
0x00007ffb71b90000 - 0x00007ffb71be7000 	C:\windows\SYSTEM32\sechost.dll
0x00007ffb719a0000 - 0x00007ffb71b76000 	C:\windows\SYSTEM32\combase.dll
0x00007ffb70fd0000 - 0x00007ffb71114000 	C:\windows\system32\GDI32.dll
0x00007ffb6f2e0000 - 0x00007ffb6f2f4000 	C:\windows\SYSTEM32\profapi.dll
0x00007ffb6d780000 - 0x00007ffb6d81f000 	C:\windows\SYSTEM32\SHCORE.dll
0x00007ffb71430000 - 0x00007ffb71464000 	C:\windows\system32\IMM32.DLL
0x00007ffb71860000 - 0x00007ffb71999000 	C:\windows\system32\MSCTF.dll
0x00007ffb6d2e0000 - 0x00007ffb6d53a000 	C:\windows\WinSxS\amd64_microsoft.windows.common-controls_6595b64144ccf1df_6.0.9600.17031_none_6242a4b3ecbb55a1\COMCTL32.dll
0x00000000631b0000 - 0x0000000063282000 	C:\Program Files\Java\jre1.8.0_20\bin\msvcr100.dll
0x00000000626c0000 - 0x0000000062f18000 	C:\Program Files\Java\jre1.8.0_20\bin\server\jvm.dll
0x00007ffb65fd0000 - 0x00007ffb65fd9000 	C:\windows\SYSTEM32\WSOCK32.dll
0x00007ffb679e0000 - 0x00007ffb679ff000 	C:\windows\SYSTEM32\WINMM.dll
0x00007ffb71c90000 - 0x00007ffb71c97000 	C:\windows\system32\PSAPI.DLL
0x00007ffb71f00000 - 0x00007ffb71f58000 	C:\windows\system32\WS2_32.dll
0x00007ffb679b0000 - 0x00007ffb679da000 	C:\windows\SYSTEM32\WINMMBASE.dll
0x00007ffb71b80000 - 0x00007ffb71b89000 	C:\windows\system32\NSI.dll
0x00007ffb6f6f0000 - 0x00007ffb6f73a000 	C:\windows\SYSTEM32\cfgmgr32.dll
0x00007ffb6e160000 - 0x00007ffb6e186000 	C:\windows\SYSTEM32\DEVOBJ.dll
0x00000000626b0000 - 0x00000000626bf000 	C:\Program Files\Java\jre1.8.0_20\bin\verify.dll
0x0000000062680000 - 0x00000000626a8000 	C:\Program Files\Java\jre1.8.0_20\bin\java.dll
0x0000000062660000 - 0x0000000062676000 	C:\Program Files\Java\jre1.8.0_20\bin\zip.dll
0x0000000063010000 - 0x00000000631a8000 	C:\Program Files\Java\jre1.8.0_20\bin\awt.dll
0x00007ffb711d0000 - 0x00007ffb71287000 	C:\windows\system32\OLEAUT32.dll
0x00007ffb6dfe0000 - 0x00007ffb6e101000 	C:\windows\system32\uxtheme.dll
0x00007ffb4f2d0000 - 0x00007ffb4f2fb000 	C:\Program Files (x86)\ATI Technologies\HydraVision\HydraDMH64.dll
0x00007ffb683d0000 - 0x00007ffb684a4000 	C:\windows\SYSTEM32\MSVCR110.dll
0x00007ffb50fd0000 - 0x00007ffb50ff5000 	C:\Program Files (x86)\Raptr\ltc_help64-86352.dll
0x00007ffb6f6a0000 - 0x00007ffb6f6ec000 	C:\windows\system32\WINTRUST.dll
0x00007ffb6f3b0000 - 0x00007ffb6f587000 	C:\windows\system32\CRYPT32.dll
0x00007ffb6f390000 - 0x00007ffb6f3a2000 	C:\windows\system32\MSASN1.dll
0x00007ffb6d5b0000 - 0x00007ffb6d5d0000 	C:\windows\system32\dwmapi.dll
0x00007ffb6e1d0000 - 0x00007ffb6e1da000 	C:\windows\SYSTEM32\kernel.appcore.dll
0x00007ffb6f220000 - 0x00007ffb6f22a000 	C:\windows\SYSTEM32\CRYPTBASE.dll
0x00007ffb6f1c0000 - 0x00007ffb6f220000 	C:\windows\SYSTEM32\bcryptPrimitives.dll
0x00007ffb46d20000 - 0x00007ffb46f28000 	C:\windows\system32\d3d9.dll
0x00007ffb66d40000 - 0x00007ffb66d4a000 	C:\windows\SYSTEM32\VERSION.dll
0x00007ffb45440000 - 0x00007ffb46d1c000 	C:\windows\SYSTEM32\igdumdim64.dll
0x00007ffb6a090000 - 0x00007ffb6a4e2000 	C:\windows\SYSTEM32\igdusc64.dll
0x0000000062fc0000 - 0x0000000063007000 	C:\Program Files\Java\jre1.8.0_20\bin\fontmanager.dll
0x0000000062640000 - 0x000000006265a000 	C:\Program Files\Java\jre1.8.0_20\bin\net.dll
0x00007ffb6ec10000 - 0x00007ffb6ec68000 	C:\windows\system32\mswsock.dll
0x0000000062620000 - 0x0000000062631000 	C:\Program Files\Java\jre1.8.0_20\bin\nio.dll
0x0000000062f70000 - 0x0000000062fb1000 	C:\Program Files\Java\jre1.8.0_20\bin\t2k.dll
0x00007ffb70f20000 - 0x00007ffb70fc4000 	C:\windows\SYSTEM32\clbcatq.dll
0x00007ffb699e0000 - 0x00007ffb69b73000 	C:\windows\SYSTEM32\WindowsCodecs.dll
0x00007ffb6ec70000 - 0x00007ffb6ec8e000 	C:\windows\SYSTEM32\CRYPTSP.dll
0x00007ffb6e860000 - 0x00007ffb6e895000 	C:\windows\system32\rsaenh.dll
0x00007ffb6eea0000 - 0x00007ffb6eec6000 	C:\windows\SYSTEM32\bcrypt.dll
0x00007ffb6c1e0000 - 0x00007ffb6c209000 	C:\windows\SYSTEM32\IPHLPAPI.DLL
0x00007ffb6cd50000 - 0x00007ffb6cd5a000 	C:\windows\SYSTEM32\WINNSI.DLL
0x00007ffb693d0000 - 0x00007ffb693e4000 	C:\windows\SYSTEM32\dhcpcsvc6.DLL
0x00007ffb695c0000 - 0x00007ffb695d9000 	C:\windows\SYSTEM32\dhcpcsvc.DLL
0x00000000637c0000 - 0x00000000637cd000 	C:\Users\Cassandra\AppData\Local\Temp\jogamp_0000\file_cache\jln3107311092254679974\jln410520295866814967\gluegen-rt.dll
0x0000000062610000 - 0x0000000062617000 	C:\Program Files\Java\jre1.8.0_20\bin\jawt.dll
0x000000006a440000 - 0x000000006a44d000 	C:\Users\Cassandra\AppData\Local\Temp\jogamp_0000\file_cache\jln3107311092254679974\jln410520295866814967\nativewindow_awt.dll
0x000000006c100000 - 0x000000006c10f000 	C:\Users\Cassandra\AppData\Local\Temp\jogamp_0000\file_cache\jln3107311092254679974\jln410520295866814967\nativewindow_win32.dll
0x00007ffb6f740000 - 0x00007ffb6f7e1000 	C:\windows\WinSxS\amd64_microsoft.windows.common-controls_6595b64144ccf1df_5.82.9600.16384_none_34a8918f959016ea\comctl32.dll
0x00007ffb55a00000 - 0x00007ffb55b21000 	C:\windows\SYSTEM32\OpenGL32.dll
0x00007ffb559d0000 - 0x00007ffb559fc000 	C:\windows\SYSTEM32\GLU32.dll
0x00007ffb558d0000 - 0x00007ffb559c4000 	C:\windows\SYSTEM32\DDRAW.dll
0x00007ffb58540000 - 0x00007ffb58549000 	C:\windows\SYSTEM32\DCIMAN32.dll
0x0000000064500000 - 0x00000000645a0000 	C:\Users\Cassandra\AppData\Local\Temp\jogamp_0000\file_cache\jln3107311092254679974\jln410520295866814967\jogl_desktop.dll
0x0000000180000000 - 0x00000001807da000 	C:\windows\SYSTEM32\ig75icd64.dll
0x00007ffb6e990000 - 0x00007ffb6e9d5000 	C:\windows\SYSTEM32\powrprof.dll
0x000000006cbc0000 - 0x000000006cbd2000 	C:\Users\Cassandra\AppData\Local\Temp\jogamp_0000\file_cache\jln3107311092254679974\jln410520295866814967\newt.dll
0x00007ffb41d20000 - 0x00007ffb41dad000 	C:\windows\SYSTEM32\mscms.dll
0x00007ffb5fe90000 - 0x00007ffb5fed1000 	C:\windows\SYSTEM32\icm32.dll
0x00007ffb6ea20000 - 0x00007ffb6eac3000 	C:\windows\SYSTEM32\DNSAPI.dll
0x0000000063eb0000 - 0x0000000063ed6000 	C:\Program Files\Bonjour\mdnsNSP.dll
0x00007ffb61b00000 - 0x00007ffb61b09000 	C:\Windows\System32\rasadhlp.dll
0x00007ffb694b0000 - 0x00007ffb69518000 	C:\windows\System32\fwpuclnt.dll
0x00007ffb71480000 - 0x00007ffb71654000 	C:\windows\system32\SETUPAPI.dll
0x00007ffb6c210000 - 0x00007ffb6c37f000 	C:\windows\system32\propsys.dll
0x00007ffb603d0000 - 0x00007ffb6056c000 	C:\windows\system32\NetworkExplorer.dll
0x00007ffb58550000 - 0x00007ffb5857b000 	C:\Windows\System32\thumbcache.dll
0x00007ffb5dda0000 - 0x00007ffb5ddab000 	C:\windows\System32\drprov.dll
0x00007ffb6e5b0000 - 0x00007ffb6e607000 	C:\windows\System32\WINSTA.dll
0x00007ffb51050000 - 0x00007ffb51065000 	C:\windows\System32\ntlanman.dll
0x00007ffb51030000 - 0x00007ffb5104e000 	C:\windows\System32\davclnt.dll
0x00007ffb51020000 - 0x00007ffb5102b000 	C:\windows\System32\DAVHLPR.dll
0x00007ffb6cea0000 - 0x00007ffb6ceb6000 	C:\windows\System32\wkscli.dll
0x00007ffb600e0000 - 0x00007ffb600f0000 	C:\windows\SYSTEM32\cscapi.dll
0x00007ffb6e610000 - 0x00007ffb6e61c000 	C:\windows\System32\netutils.dll
0x00007ffb4fb10000 - 0x00007ffb4fb85000 	C:\Windows\System32\dlnashext.dll
0x00007ffb4fac0000 - 0x00007ffb4fb06000 	C:\Windows\System32\PlayToDevice.dll
0x00007ffb4faa0000 - 0x00007ffb4fabc000 	C:\Windows\System32\DevDispItemProvider.dll
0x00007ffb57cf0000 - 0x00007ffb57edf000 	C:\windows\system32\wpdshext.dll
0x00007ffb67a00000 - 0x00007ffb67b98000 	C:\windows\WinSxS\amd64_microsoft.windows.gdiplus_6595b64144ccf1df_1.1.9600.17227_none_932c0e57474f5080\gdiplus.dll
0x00007ffb5ffa0000 - 0x00007ffb60046000 	C:\Windows\System32\PortableDeviceApi.dll
0x00007ffb5fe50000 - 0x00007ffb5fe86000 	C:\Windows\System32\EhStorShell.dll
0x00007ffb5cbd0000 - 0x00007ffb5ce8e000 	C:\Windows\System32\actxprxy.dll
0x00007ffb5ef10000 - 0x00007ffb5ef35000 	C:\Windows\System32\EhStorAPI.dll
0x00007ffb6df80000 - 0x00007ffb6df91000 	C:\Windows\System32\WTSAPI32.dll
0x00007ffb6cdb0000 - 0x00007ffb6cdbc000 	C:\windows\SYSTEM32\LINKINFO.dll
0x00000000625d0000 - 0x0000000062601000 	C:\Program Files\Java\jre1.8.0_20\bin\jpeg.dll
0x00007ffb51940000 - 0x00007ffb51ac8000 	C:\windows\SYSTEM32\dbghelp.dll

VM Arguments:
jvm_args: -Dfile.encoding=Cp1252 
java_command: com.sandwell.JavaSimulation3D.GUIFrame
java_class_path (initial): C:\Users\Cassandra\git\rolosRepo;C:\Users\Cassandra\git\rolosRepo\resources\jar\gluegen-rt-natives-linux-amd64.jar;C:\Users\Cassandra\git\rolosRepo\resources\jar\gluegen-rt-natives-linux-i586.jar;C:\Users\Cassandra\git\rolosRepo\resources\jar\gluegen-rt-natives-macosx-universal.jar;C:\Users\Cassandra\git\rolosRepo\resources\jar\gluegen-rt-natives-windows-amd64.jar;C:\Users\Cassandra\git\rolosRepo\resources\jar\gluegen-rt-natives-windows-i586.jar;C:\Users\Cassandra\git\rolosRepo\resources\jar\gluegen-rt.jar;C:\Users\Cassandra\git\rolosRepo\resources\jar\jogl-all-natives-linux-amd64.jar;C:\Users\Cassandra\git\rolosRepo\resources\jar\jogl-all-natives-linux-i586.jar;C:\Users\Cassandra\git\rolosRepo\resources\jar\jogl-all-natives-macosx-universal.jar;C:\Users\Cassandra\git\rolosRepo\resources\jar\jogl-all-natives-windows-amd64.jar;C:\Users\Cassandra\git\rolosRepo\resources\jar\jogl-all-natives-windows-i586.jar;C:\Users\Cassandra\git\rolosRepo\resources\jar\jogl-all.jar;C:\Users\Cassandra\git\rolosRepo\resources\jar\postgresql-9.3-1101.jdbc4.jar;C:\Users\Cassandra\git\rolosRepo\resources\jar\postgresql-9.3-1101.jdbc41.jar;C:\Users\Cassandra\git\rolosRepo\resources\jar\worldwind.jar;C:\Users\Cassandra\git\rolosRepo\resources\jar\worldwindx.jar;C:\Users\Cassandra\git\rolosRepo\resources\jar\commons-codec-1.5.jar;C:\Users\Cassandra\git\rolosRepo\resources\jar\commons-logging-1.1.jar;C:\Users\Cassandra\git\rolosRepo\resources\jar\dom4j-1.6.1.jar;C:\Users\Cassandra\git\rolosRepo\resources\jar\junit-4.11.jar;C:\Users\Cassandra\git\rolosRepo\resources\jar\log4j-1.2.13.jar;C:\Users\Cassandra\git\rolosRepo\resources\jar\poi-3.10-FINAL-20140208.jar;C:\Users\Cassandra\git\rolosRepo\resources\jar\poi-examples-3.10-FINAL-20140208.jar;C:\Users\Cassandra\git\rolosRepo\resources\jar\poi-excelant-3.10-FINAL-20140208.jar;C:\Users\Cassandra\git\rolosRepo\resources\jar\poi-ooxml-3.10-FINAL-20140208.jar;C:\Users\Cassandra\git\rolosRepo\resources\jar\poi-ooxml-sche
Launcher Type: SUN_STANDARD

Environment Variables:
PATH=C:/Program Files/Java/jre1.8.0_20/bin/server;C:/Program Files/Java/jre1.8.0_20/bin;C:/Program Files/Java/jre1.8.0_20/lib/amd64;C:\ProgramData\Oracle\Java\javapath;C:\Program Files (x86)\NVIDIA Corporation\PhysX\Common;C:\Program Files (x86)\PHP\;C:\Program Files (x86)\Lenovo\FusionEngine;C:\Program Files (x86)\Intel\iCLS Client\;C:\Program Files\Intel\iCLS Client\;C:\windows\system32;C:\windows;C:\windows\System32\Wbem;C:\windows\System32\WindowsPowerShell\v1.0\;C:\Program Files\Intel\Intel(R) Management Engine Components\DAL;C:\Program Files\Intel\Intel(R) Management Engine Components\IPT;C:\Program Files (x86)\Intel\Intel(R) Management Engine Components\DAL;C:\Program Files (x86)\Intel\Intel(R) Management Engine Components\IPT;C:\Program Files (x86)\ATI Technologies\ATI.ACE\Core-Static;C:\Program Files\Intel\WiFi\bin\;C:\Program Files\Common Files\Intel\WirelessCommon\;C:\Program Files (x86)\Lenovo\Motion Control\;C:\Program Files\Microsoft\Web Platform Installer\;C:\Users\Cassandra\Documents\eclipse-standard-luna-R-win32-x86_64\eclipse;
USERNAME=Cassandra
OS=Windows_NT
PROCESSOR_IDENTIFIER=Intel64 Family 6 Model 69 Stepping 1, GenuineIntel



---------------  S Y S T E M  ---------------

OS: Windows 8.1 , 64 bit Build 9600 

CPU:total 4 (2 cores per cpu, 2 threads per core) family 6 model 69 stepping 1, cmov, cx8, fxsr, mmx, sse, sse2, sse3, ssse3, sse4.1, sse4.2, popcnt, avx, avx2, aes, clmul, erms, lzcnt, ht, tsc, tscinvbit, bmi1, bmi2

Memory: 4k page, physical 8307672k(4707368k free), swap 9618392k(4689284k free)

vm_info: Java HotSpot(TM) 64-Bit Server VM (25.20-b23) for windows-amd64 JRE (1.8.0_20-b26), built on Jul 30 2014 13:51:23 by "java_re" with MS VC++ 10.0 (VS2010)

time: Tue Sep 30 11:22:26 2014
elapsed time: 14 seconds (0d 0h 0m 14s)

