#
# A fatal error has been detected by the Java Runtime Environment:
#
#  EXCEPTION_ACCESS_VIOLATION (0xc0000005) at pc=0x000000018021bb6e, pid=1880, tid=6788
#
# JRE version: Java(TM) SE Runtime Environment (8.0_20-b26) (build 1.8.0_20-b26)
# Java VM: Java HotSpot(TM) 64-Bit Server VM (25.20-b23 mixed mode windows-amd64 compressed oops)
# Problematic frame:
# C  [ig75icd64.dll+0x21bb6e]
#
# Failed to write core dump. Minidumps are not enabled by default on client versions of Windows
#
# If you would like to submit a bug report, please visit:
#   http://bugreport.sun.com/bugreport/crash.jsp
# The crash happened outside the Java Virtual Machine in native code.
# See problematic frame for where to report the bug.
#

---------------  T H R E A D  ---------------

Current thread (0x0000000019c4e000):  JavaThread "RenderThread" [_thread_in_native, id=6788, stack(0x000000001ea20000,0x000000001eb20000)]

siginfo: ExceptionCode=0xc0000005, reading address 0x0000000000000010

Registers:
RAX=0x0000000000000001, RBX=0x0000000021724c50, RCX=0x0000000000000001, RDX=0x0000000021aa0400
RSP=0x000000001eb1e620, RBP=0x0000000021aa0400, RSI=0x000000001eb1e7e8, RDI=0x0000000021724c50
R8 =0x0000000000000001, R9 =0x0000000025ca5e10, R10=0x0000000000000000, R11=0x00000000217b8160
R12=0x00000001804bb110, R13=0x00000000202bc210, R14=0x000000001eb1e7f8, R15=0x0000000019c4e000
RIP=0x000000018021bb6e, EFLAGS=0x0000000000010246

Top of Stack: (sp=0x000000001eb1e620)
0x000000001eb1e620:   000000001eb1e7f8 00000000202bc210
0x000000001eb1e630:   00000001804bb110 0000000000000000
0x000000001eb1e640:   00000000247a2330 000000018014360e
0x000000001eb1e650:   00000000217afd70 0000000000000001
0x000000001eb1e660:   0000000000000000 0000000000000000
0x000000001eb1e670:   0000000021724c50 000000018031e427
0x000000001eb1e680:   00000000247a2330 000000001eb1e7e8
0x000000001eb1e690:   000000000000000c 0000000000000000
0x000000001eb1e6a0:   fffffffffffffffe 0000000000000000
0x000000001eb1e6b0:   00000000d6319ef8 0000000000000000
0x000000001eb1e6c0:   00000000202bc210 000000001eb1e7e8
0x000000001eb1e6d0:   00000000247a2330 000000006451786c
0x000000001eb1e6e0:   0000000019c4e1e8 000000001eb1e7e8
0x000000001eb1e6f0:   00000001804bb110 00000000030f54ac
0x000000001eb1e700:   00000000202bc210 0000000000000168
0x000000001eb1e710:   0000000000000dfc 000000001eb1e7b8 

Instructions: (pc=0x000000018021bb6e)
0x000000018021bb4e:   00 00 49 8b 04 c1 48 39 90 c0 00 00 00 74 2b ff
0x000000018021bb5e:   c1 8b c1 49 3b c0 72 ea 4c 89 53 50 48 89 53 58
0x000000018021bb6e:   4d 8b 42 10 48 8d 4b 78 e8 15 69 19 00 c6 83 20
0x000000018021bb7e:   01 00 00 01 48 83 c4 20 5b c3 8b c1 48 8d 0c c5 


Register to memory mapping:

RAX=0x0000000000000001 is an unknown value
RBX=0x0000000021724c50 is an unknown value
RCX=0x0000000000000001 is an unknown value
RDX=0x0000000021aa0400 is an unknown value
RSP=0x000000001eb1e620 is pointing into the stack for thread: 0x0000000019c4e000
RBP=0x0000000021aa0400 is an unknown value
RSI=0x000000001eb1e7e8 is pointing into the stack for thread: 0x0000000019c4e000
RDI=0x0000000021724c50 is an unknown value
R8 =0x0000000000000001 is an unknown value
R9 =0x0000000025ca5e10 is an unknown value
R10=0x0000000000000000 is an unknown value
R11=0x00000000217b8160 is an unknown value
R12=0x00000001804bb110 is an unknown value
R13={method} {0x00000000202bc218} 'dispatch_glGetAttribLocation1' '(ILjava/lang/String;J)I' in 'jogamp/opengl/gl4/GL4bcImpl'
R14=0x000000001eb1e7f8 is pointing into the stack for thread: 0x0000000019c4e000
R15=0x0000000019c4e000 is a thread


Stack: [0x000000001ea20000,0x000000001eb20000],  sp=0x000000001eb1e620,  free space=1017k
Native frames: (J=compiled Java code, j=interpreted, Vv=VM code, C=native code)
C  [ig75icd64.dll+0x21bb6e]
C  [ig75icd64.dll+0x14360e]
C  [ig75icd64.dll+0x31e427]
C  [jogl_desktop.dll+0x1786c]
C  0x0000000002775b74

Java frames: (J=compiled Java code, j=interpreted, Vv=VM code)
j  jogamp.opengl.gl4.GL4bcImpl.dispatch_glGetAttribLocation1(ILjava/lang/String;J)I+0
j  jogamp.opengl.gl4.GL4bcImpl.glGetAttribLocation(ILjava/lang/String;)I+47
j  javax.media.opengl.DebugGL4bc.glGetAttribLocation(ILjava/lang/String;)I+10
j  com.jaamsim.render.OverlayTexture.setupVAO(ILcom/jaamsim/render/Renderer;)V+43
j  com.jaamsim.render.OverlayTexture.render(ILcom/jaamsim/render/Renderer;DDLcom/jaamsim/render/Camera;Lcom/jaamsim/math/Ray;)V+123
j  com.jaamsim.render.Renderer.renderScene(Ljavax/media/opengl/GLContext;ILjava/util/List;Ljava/util/List;Lcom/jaamsim/render/Camera;IILcom/jaamsim/math/Ray;ILcom/jaamsim/render/Renderer$PerfInfo;)V+669
j  com.jaamsim.render.Renderer.access$9(Lcom/jaamsim/render/Renderer;Ljavax/media/opengl/GLContext;ILjava/util/List;Ljava/util/List;Lcom/jaamsim/render/Camera;IILcom/jaamsim/math/Ray;ILcom/jaamsim/render/Renderer$PerfInfo;)V+18
j  com.jaamsim.render.Renderer$RenderGLListener.display(Ljavax/media/opengl/GLAutoDrawable;)V+208
j  jogamp.opengl.GLDrawableHelper.displayImpl(Ljavax/media/opengl/GLAutoDrawable;)V+81
j  jogamp.opengl.GLDrawableHelper.display(Ljavax/media/opengl/GLAutoDrawable;)V+2
j  jogamp.opengl.GLAutoDrawableBase$2.run()V+59
j  jogamp.opengl.GLDrawableHelper.invokeGLImpl(Ljavax/media/opengl/GLDrawable;Ljavax/media/opengl/GLContext;Ljava/lang/Runnable;Ljava/lang/Runnable;)V+206
j  jogamp.opengl.GLDrawableHelper.invokeGL(Ljavax/media/opengl/GLDrawable;Ljavax/media/opengl/GLContext;Ljava/lang/Runnable;Ljava/lang/Runnable;)V+80
j  com.jogamp.newt.opengl.GLWindow.display()V+90
j  com.jaamsim.render.Renderer.mainRenderLoop()V+661
j  com.jaamsim.render.Renderer.access$17(Lcom/jaamsim/render/Renderer;)V+1
j  com.jaamsim.render.Renderer$1.run()V+4
j  java.lang.Thread.run()V+11
v  ~StubRoutines::call_stub

---------------  P R O C E S S  ---------------

Java Threads: ( => current thread )
  0x000000001dfb3000 JavaThread "DestroyJavaVM" [_thread_blocked, id=7404, stack(0x00000000024f0000,0x00000000025f0000)]
  0x000000001dfb9800 JavaThread "Idle World Wind Task " daemon [_thread_blocked, id=1248, stack(0x000000002a830000,0x000000002a930000)]
  0x000000001dfb9000 JavaThread "Idle World Wind Task " daemon [_thread_blocked, id=6016, stack(0x00000000292f0000,0x00000000293f0000)]
  0x000000001dfb6800 JavaThread "Idle World Wind Task " daemon [_thread_blocked, id=4196, stack(0x00000000291f0000,0x00000000292f0000)]
  0x000000001dfb5000 JavaThread "Idle World Wind Task " daemon [_thread_blocked, id=5156, stack(0x00000000290f0000,0x00000000291f0000)]
  0x000000001dfb8000 JavaThread "Idle World Wind Task " daemon [_thread_blocked, id=5620, stack(0x0000000028ff0000,0x00000000290f0000)]
  0x000000001dfb0800 JavaThread "Swing-Shell" daemon [_thread_blocked, id=6392, stack(0x00000000226e0000,0x00000000227e0000)]
  0x000000001dfb6000 JavaThread "Keep-Alive-Timer" daemon [_thread_blocked, id=8836, stack(0x000000001f470000,0x000000001f570000)]
  0x000000001dfb2000 JavaThread "Image Fetcher 2" daemon [_thread_blocked, id=6276, stack(0x0000000022950000,0x0000000022a50000)]
  0x000000001dfb4800 JavaThread "Thread-16" daemon [_thread_blocked, id=2952, stack(0x0000000023860000,0x0000000023960000)]
  0x000000001dfb3800 JavaThread "TimerQueue" daemon [_thread_blocked, id=868, stack(0x0000000023760000,0x0000000023860000)]
  0x000000001db7a800 JavaThread "RenderThread-Display-.windows_nil-1-EDT-1" daemon [_thread_blocked, id=8052, stack(0x00000000225e0000,0x00000000226e0000)]
  0x000000001db7c000 JavaThread "RenderThread-SharedResourceRunner" daemon [_thread_blocked, id=10068, stack(0x000000001fc90000,0x000000001fd90000)]
  0x000000001db7b000 JavaThread "Image Fetcher 1" daemon [_thread_blocked, id=6836, stack(0x000000001fb90000,0x000000001fc90000)]
  0x0000000019b95000 JavaThread "D3D Screen Updater" daemon [_thread_blocked, id=9816, stack(0x000000001ef20000,0x000000001f020000)]
  0x000000001986a000 JavaThread "RedrawThread" [_thread_blocked, id=5928, stack(0x000000001ec20000,0x000000001ed20000)]
  0x0000000019c4f000 JavaThread "RenderManagerThread" [_thread_blocked, id=5204, stack(0x000000001eb20000,0x000000001ec20000)]
=>0x0000000019c4e000 JavaThread "RenderThread" [_thread_in_native, id=6788, stack(0x000000001ea20000,0x000000001eb20000)]
  0x0000000019701800 JavaThread "AWT-EventQueue-0" [_thread_in_native, id=9416, stack(0x000000001cbb0000,0x000000001ccb0000)]
  0x00000000196aa800 JavaThread "Image Fetcher 0" daemon [_thread_blocked, id=9248, stack(0x000000001c8b0000,0x000000001c9b0000)]
  0x0000000019627000 JavaThread "AWT-Windows" daemon [_thread_in_native, id=5804, stack(0x0000000019f20000,0x000000001a020000)]
  0x0000000019626000 JavaThread "AWT-Shutdown" [_thread_blocked, id=6156, stack(0x0000000019e20000,0x0000000019f20000)]
  0x0000000019625000 JavaThread "Java2D Disposer" daemon [_thread_blocked, id=8720, stack(0x0000000019d20000,0x0000000019e20000)]
  0x000000001733e000 JavaThread "Service Thread" daemon [_thread_blocked, id=3016, stack(0x0000000018f30000,0x0000000019030000)]
  0x00000000172e8800 JavaThread "C1 CompilerThread2" daemon [_thread_in_native, id=5844, stack(0x0000000018a30000,0x0000000018b30000)]
  0x00000000172e2000 JavaThread "C2 CompilerThread1" daemon [_thread_in_native, id=9016, stack(0x0000000018930000,0x0000000018a30000)]
  0x00000000172de000 JavaThread "C2 CompilerThread0" daemon [_thread_in_native, id=8024, stack(0x0000000018830000,0x0000000018930000)]
  0x00000000172db800 JavaThread "Attach Listener" daemon [_thread_blocked, id=3932, stack(0x0000000018730000,0x0000000018830000)]
  0x00000000172da800 JavaThread "Signal Dispatcher" daemon [_thread_blocked, id=6356, stack(0x0000000018630000,0x0000000018730000)]
  0x0000000002753000 JavaThread "Finalizer" daemon [_thread_blocked, id=5748, stack(0x0000000018530000,0x0000000018630000)]
  0x000000000274c000 JavaThread "Reference Handler" daemon [_thread_blocked, id=4100, stack(0x0000000018430000,0x0000000018530000)]

Other Threads:
  0x00000000172a6000 VMThread [stack: 0x0000000018330000,0x0000000018430000] [id=9692]
  0x0000000018b5f000 WatcherThread [stack: 0x0000000019030000,0x0000000019130000] [id=3808]

VM state:not at safepoint (normal execution)

VM Mutex/Monitor currently owned by a thread: None

Heap:
 PSYoungGen      total 184832K, used 17561K [0x00000000d5b80000, 0x00000000e1e00000, 0x0000000100000000)
  eden space 176640K, 9% used [0x00000000d5b80000,0x00000000d6ca64e0,0x00000000e0800000)
  from space 8192K, 0% used [0x00000000e1480000,0x00000000e1480000,0x00000000e1c80000)
  to   space 11264K, 0% used [0x00000000e0800000,0x00000000e0800000,0x00000000e1300000)
 ParOldGen       total 89600K, used 20700K [0x0000000081200000, 0x0000000086980000, 0x00000000d5b80000)
  object space 89600K, 23% used [0x0000000081200000,0x0000000082637178,0x0000000086980000)
 Metaspace       used 35662K, capacity 35919K, committed 36392K, reserved 1081344K
  class space    used 4304K, capacity 4358K, committed 4480K, reserved 1048576K

Card table byte_map: [0x0000000011b20000,0x0000000011f20000] byte_map_base: 0x0000000011717000

Marking Bits: (ParMarkBitMap*) 0x0000000062e9b460
 Begin Bits: [0x00000000125d0000, 0x0000000014588000)
 End Bits:   [0x0000000014588000, 0x0000000016540000)

Polling page: 0x0000000000bb0000

CodeCache: size=245760Kb used=13686Kb max_used=13929Kb free=232073Kb
 bounds [0x0000000002760000, 0x0000000003520000, 0x0000000011760000]
 total_blobs=5321 nmethods=4273 adapters=958
 compilation: enabled

Compilation events (10 events):
Event: 8.546 Thread 0x00000000172e8800 4763   !   3       java.util.concurrent.ConcurrentHashMap::initTable (115 bytes)
Event: 8.546 Thread 0x00000000172e8800 nmethod 4763 0x000000000340a8d0 code [0x000000000340aa60, 0x000000000340afa8]
Event: 8.547 Thread 0x00000000172e8800 4764   !   3       sun.awt.windows.ThemeReader::getEnum (47 bytes)
Event: 8.548 Thread 0x00000000172e8800 nmethod 4764 0x00000000030eed10 code [0x00000000030eef20, 0x00000000030ef9d8]
Event: 8.562 Thread 0x00000000172e8800 4766       3       javax.media.opengl.DebugGL4bc::glDisable (48 bytes)
Event: 8.563 Thread 0x00000000172e8800 nmethod 4766 0x0000000002a49410 code [0x0000000002a49600, 0x0000000002a49fd8]
Event: 8.563 Thread 0x00000000172e8800 4767       3       com.sun.java.swing.plaf.windows.WindowsLabelUI::paintEnabledText (37 bytes)
Event: 8.564 Thread 0x00000000172e8800 nmethod 4767 0x000000000323f050 code [0x000000000323f240, 0x000000000323fc38]
Event: 8.564 Thread 0x00000000172e8800 4768       1       javax.swing.table.JTableHeader::getColumnModel (5 bytes)
Event: 8.564 Thread 0x00000000172e8800 nmethod 4768 0x00000000032f3e90 code [0x00000000032f3fe0, 0x00000000032f40f0]

GC Heap History (10 events):
Event: 2.731 GC heap before
{Heap before GC invocations=8 (full 1):
 PSYoungGen      total 90624K, used 86180K [0x00000000d5b80000, 0x00000000dc200000, 0x0000000100000000)
  eden space 81920K, 100% used [0x00000000d5b80000,0x00000000dab80000,0x00000000dab80000)
  from space 8704K, 48% used [0x00000000db400000,0x00000000db829218,0x00000000dbc80000)
  to   space 8704K, 0% used [0x00000000dab80000,0x00000000dab80000,0x00000000db400000)
 ParOldGen       total 53760K, used 7530K [0x0000000081200000, 0x0000000084680000, 0x00000000d5b80000)
  object space 53760K, 14% used [0x0000000081200000,0x000000008195aab0,0x0000000084680000)
 Metaspace       used 27990K, capacity 28163K, committed 28416K, reserved 1075200K
  class space    used 3446K, capacity 3502K, committed 3584K, reserved 1048576K
Event: 2.736 GC heap after
Heap after GC invocations=8 (full 1):
 PSYoungGen      total 90624K, used 4347K [0x00000000d5b80000, 0x00000000ded80000, 0x0000000100000000)
  eden space 81920K, 0% used [0x00000000d5b80000,0x00000000d5b80000,0x00000000dab80000)
  from space 8704K, 49% used [0x00000000dab80000,0x00000000dafbec38,0x00000000db400000)
  to   space 8192K, 0% used [0x00000000de580000,0x00000000de580000,0x00000000ded80000)
 ParOldGen       total 53760K, used 7538K [0x0000000081200000, 0x0000000084680000, 0x00000000d5b80000)
  object space 53760K, 14% used [0x0000000081200000,0x000000008195cab0,0x0000000084680000)
 Metaspace       used 27990K, capacity 28163K, committed 28416K, reserved 1075200K
  class space    used 3446K, capacity 3502K, committed 3584K, reserved 1048576K
}
Event: 2.802 GC heap before
{Heap before GC invocations=9 (full 1):
 PSYoungGen      total 90624K, used 86267K [0x00000000d5b80000, 0x00000000ded80000, 0x0000000100000000)
  eden space 81920K, 100% used [0x00000000d5b80000,0x00000000dab80000,0x00000000dab80000)
  from space 8704K, 49% used [0x00000000dab80000,0x00000000dafbec38,0x00000000db400000)
  to   space 8192K, 0% used [0x00000000de580000,0x00000000de580000,0x00000000ded80000)
 ParOldGen       total 53760K, used 7538K [0x0000000081200000, 0x0000000084680000, 0x00000000d5b80000)
  object space 53760K, 14% used [0x0000000081200000,0x000000008195cab0,0x0000000084680000)
 Metaspace       used 28170K, capacity 28387K, committed 28672K, reserved 1075200K
  class space    used 3460K, capacity 3534K, committed 3584K, reserved 1048576K
Event: 2.808 GC heap after
Heap after GC invocations=9 (full 1):
 PSYoungGen      total 140800K, used 1371K [0x00000000d5b80000, 0x00000000df180000, 0x0000000100000000)
  eden space 132608K, 0% used [0x00000000d5b80000,0x00000000d5b80000,0x00000000ddd00000)
  from space 8192K, 16% used [0x00000000de580000,0x00000000de6d6c48,0x00000000ded80000)
  to   space 8704K, 0% used [0x00000000ddd00000,0x00000000ddd00000,0x00000000de580000)
 ParOldGen       total 53760K, used 10749K [0x0000000081200000, 0x0000000084680000, 0x00000000d5b80000)
  object space 53760K, 19% used [0x0000000081200000,0x0000000081c7f6d0,0x0000000084680000)
 Metaspace       used 28170K, capacity 28387K, committed 28672K, reserved 1075200K
  class space    used 3460K, capacity 3534K, committed 3584K, reserved 1048576K
}
Event: 4.030 GC heap before
{Heap before GC invocations=10 (full 1):
 PSYoungGen      total 140800K, used 133979K [0x00000000d5b80000, 0x00000000df180000, 0x0000000100000000)
  eden space 132608K, 100% used [0x00000000d5b80000,0x00000000ddd00000,0x00000000ddd00000)
  from space 8192K, 16% used [0x00000000de580000,0x00000000de6d6c48,0x00000000ded80000)
  to   space 8704K, 0% used [0x00000000ddd00000,0x00000000ddd00000,0x00000000de580000)
 ParOldGen       total 53760K, used 10749K [0x0000000081200000, 0x0000000084680000, 0x00000000d5b80000)
  object space 53760K, 19% used [0x0000000081200000,0x0000000081c7f6d0,0x0000000084680000)
 Metaspace       used 32539K, capacity 32819K, committed 33024K, reserved 1079296K
  class space    used 3998K, capacity 4062K, committed 4096K, reserved 1048576K
Event: 4.040 GC heap after
Heap after GC invocations=10 (full 1):
 PSYoungGen      total 141312K, used 4623K [0x00000000d5b80000, 0x00000000e1c80000, 0x0000000100000000)
  eden space 132608K, 0% used [0x00000000d5b80000,0x00000000d5b80000,0x00000000ddd00000)
  from space 8704K, 53% used [0x00000000ddd00000,0x00000000de183d38,0x00000000de580000)
  to   space 8192K, 0% used [0x00000000e1480000,0x00000000e1480000,0x00000000e1c80000)
 ParOldGen       total 53760K, used 11173K [0x0000000081200000, 0x0000000084680000, 0x00000000d5b80000)
  object space 53760K, 20% used [0x0000000081200000,0x0000000081ce96d0,0x0000000084680000)
 Metaspace       used 32539K, capacity 32819K, committed 33024K, reserved 1079296K
  class space    used 3998K, capacity 4062K, committed 4096K, reserved 1048576K
}
Event: 5.448 GC heap before
{Heap before GC invocations=11 (full 1):
 PSYoungGen      total 141312K, used 82280K [0x00000000d5b80000, 0x00000000e1c80000, 0x0000000100000000)
  eden space 132608K, 58% used [0x00000000d5b80000,0x00000000da756510,0x00000000ddd00000)
  from space 8704K, 53% used [0x00000000ddd00000,0x00000000de183d38,0x00000000de580000)
  to   space 8192K, 0% used [0x00000000e1480000,0x00000000e1480000,0x00000000e1c80000)
 ParOldGen       total 53760K, used 11173K [0x0000000081200000, 0x0000000084680000, 0x00000000d5b80000)
  object space 53760K, 20% used [0x0000000081200000,0x0000000081ce96d0,0x0000000084680000)
 Metaspace       used 35085K, capacity 35281K, committed 35496K, reserved 1081344K
  class space    used 4268K, capacity 4321K, committed 4352K, reserved 1048576K
Event: 5.459 GC heap after
Heap after GC invocations=11 (full 1):
 PSYoungGen      total 184832K, used 8174K [0x00000000d5b80000, 0x00000000e1e00000, 0x0000000100000000)
  eden space 176640K, 0% used [0x00000000d5b80000,0x00000000d5b80000,0x00000000e0800000)
  from space 8192K, 99% used [0x00000000e1480000,0x00000000e1c7bb68,0x00000000e1c80000)
  to   space 11264K, 0% used [0x00000000e0800000,0x00000000e0800000,0x00000000e1300000)
 ParOldGen       total 53760K, used 16430K [0x0000000081200000, 0x0000000084680000, 0x00000000d5b80000)
  object space 53760K, 30% used [0x0000000081200000,0x000000008220ba30,0x0000000084680000)
 Metaspace       used 35085K, capacity 35281K, committed 35496K, reserved 1081344K
  class space    used 4268K, capacity 4321K, committed 4352K, reserved 1048576K
}
Event: 5.459 GC heap before
{Heap before GC invocations=12 (full 2):
 PSYoungGen      total 184832K, used 8174K [0x00000000d5b80000, 0x00000000e1e00000, 0x0000000100000000)
  eden space 176640K, 0% used [0x00000000d5b80000,0x00000000d5b80000,0x00000000e0800000)
  from space 8192K, 99% used [0x00000000e1480000,0x00000000e1c7bb68,0x00000000e1c80000)
  to   space 11264K, 0% used [0x00000000e0800000,0x00000000e0800000,0x00000000e1300000)
 ParOldGen       total 53760K, used 16430K [0x0000000081200000, 0x0000000084680000, 0x00000000d5b80000)
  object space 53760K, 30% used [0x0000000081200000,0x000000008220ba30,0x0000000084680000)
 Metaspace       used 35085K, capacity 35281K, committed 35496K, reserved 1081344K
  class space    used 4268K, capacity 4321K, committed 4352K, reserved 1048576K
Event: 5.555 GC heap after
Heap after GC invocations=12 (full 2):
 PSYoungGen      total 184832K, used 0K [0x00000000d5b80000, 0x00000000e1e00000, 0x0000000100000000)
  eden space 176640K, 0% used [0x00000000d5b80000,0x00000000d5b80000,0x00000000e0800000)
  from space 8192K, 0% used [0x00000000e1480000,0x00000000e1480000,0x00000000e1c80000)
  to   space 11264K, 0% used [0x00000000e0800000,0x00000000e0800000,0x00000000e1300000)
 ParOldGen       total 89600K, used 20700K [0x0000000081200000, 0x0000000086980000, 0x00000000d5b80000)
  object space 89600K, 23% used [0x0000000081200000,0x0000000082637178,0x0000000086980000)
 Metaspace       used 35085K, capacity 35281K, committed 35496K, reserved 1081344K
  class space    used 4268K, capacity 4321K, committed 4352K, reserved 1048576K
}

Deoptimization events (10 events):
Event: 3.636 Thread 0x0000000019c4e000 Uncommon trap: reason=bimorphic action=maybe_recompile pc=0x0000000002ab5274 method=java.util.HashMap.putVal(ILjava/lang/Object;Ljava/lang/Object;ZZ)Ljava/lang/Object; @ 91
Event: 3.636 Thread 0x0000000019c4e000 Uncommon trap: reason=unreached action=reinterpret pc=0x00000000029b401c method=java.util.HashMap.getNode(ILjava/lang/Object;)Ljava/util/HashMap$Node; @ 84
Event: 3.636 Thread 0x0000000019c4e000 Uncommon trap: reason=unreached action=reinterpret pc=0x00000000029bce34 method=java.util.HashMap.getNode(ILjava/lang/Object;)Ljava/util/HashMap$Node; @ 84
Event: 3.828 Thread 0x0000000019c4f000 Uncommon trap: reason=unreached action=reinterpret pc=0x0000000002a5d4dc method=java.util.HashMap.resize()[Ljava/util/HashMap$Node; @ 206
Event: 4.282 Thread 0x0000000019c4e000 Uncommon trap: reason=unreached action=reinterpret pc=0x0000000003358c6c method=jogamp.opengl.glu.tessellator.Sweep.CheckForIntersect(Ljogamp/opengl/glu/tessellator/GLUtessellatorImpl;Ljogamp/opengl/glu/tessellator/ActiveRegion;)Z @ 205
Event: 4.566 Thread 0x000000001dfb5000 Uncommon trap: reason=class_check action=maybe_recompile pc=0x00000000033e0d74 method=gov.nasa.worldwind.util.BufferWrapper$ShortBufferWrapper.getDouble(I)D @ 4
Event: 4.566 Thread 0x000000001dfb5000 Uncommon trap: reason=class_check action=maybe_recompile pc=0x00000000033e0d74 method=gov.nasa.worldwind.util.BufferWrapper$ShortBufferWrapper.getDouble(I)D @ 4
Event: 4.566 Thread 0x000000001dfb5000 Uncommon trap: reason=class_check action=maybe_recompile pc=0x00000000033e0d74 method=gov.nasa.worldwind.util.BufferWrapper$ShortBufferWrapper.getDouble(I)D @ 4
Event: 4.566 Thread 0x000000001dfb5000 Uncommon trap: reason=class_check action=maybe_recompile pc=0x00000000033e0d74 method=gov.nasa.worldwind.util.BufferWrapper$ShortBufferWrapper.getDouble(I)D @ 4
Event: 4.591 Thread 0x000000001dfb6800 Uncommon trap: reason=bimorphic action=maybe_recompile pc=0x00000000033e4418 method=java.util.concurrent.ConcurrentHashMap.putVal(Ljava/lang/Object;Ljava/lang/Object;Z)Ljava/lang/Object; @ 192

Internal exceptions (10 events):
Event: 4.995 Thread 0x0000000019701800 Exception <a 'java/security/PrivilegedActionException'> (0x00000000da71b7b8) thrown at [D:\re\workspace\8-2-build-windows-amd64-cygwin\jdk8u20\1074\hotspot\src\share\vm\prims\jvm.cpp, line 1275]
Event: 5.447 Thread 0x000000001dfb8000 Exception <a 'java/security/PrivilegedActionException'> (0x00000000d8473640) thrown at [D:\re\workspace\8-2-build-windows-amd64-cygwin\jdk8u20\1074\hotspot\src\share\vm\prims\jvm.cpp, line 1275]
Event: 8.097 Thread 0x0000000019701800 Exception <a 'java/security/PrivilegedActionException'> (0x00000000d611d828) thrown at [D:\re\workspace\8-2-build-windows-amd64-cygwin\jdk8u20\1074\hotspot\src\share\vm\prims\jvm.cpp, line 1275]
Event: 8.101 Thread 0x000000001db7a800 Exception <a 'java/security/PrivilegedActionException'> (0x00000000d61ccb90) thrown at [D:\re\workspace\8-2-build-windows-amd64-cygwin\jdk8u20\1074\hotspot\src\share\vm\prims\jvm.cpp, line 1275]
Event: 8.108 Thread 0x0000000019c4f000 Exception <a 'java/security/PrivilegedActionException'> (0x00000000d61d82e8) thrown at [D:\re\workspace\8-2-build-windows-amd64-cygwin\jdk8u20\1074\hotspot\src\share\vm\prims\jvm.cpp, line 1275]
Event: 8.109 Thread 0x0000000019c4f000 Exception <a 'java/security/PrivilegedActionException'> (0x00000000d61d9bf0) thrown at [D:\re\workspace\8-2-build-windows-amd64-cygwin\jdk8u20\1074\hotspot\src\share\vm\prims\jvm.cpp, line 1275]
Event: 8.173 Thread 0x000000001dfba800 Exception <a 'java/security/PrivilegedActionException'> (0x00000000d63959a0) thrown at [D:\re\workspace\8-2-build-windows-amd64-cygwin\jdk8u20\1074\hotspot\src\share\vm\prims\jvm.cpp, line 1275]
Event: 8.256 Thread 0x0000000019701800 Exception <a 'java/security/PrivilegedActionException'> (0x00000000d618ffd0) thrown at [D:\re\workspace\8-2-build-windows-amd64-cygwin\jdk8u20\1074\hotspot\src\share\vm\prims\jvm.cpp, line 1275]
Event: 8.293 Thread 0x000000001dfba800 Exception <a 'java/security/PrivilegedActionException'> (0x00000000d6634750) thrown at [D:\re\workspace\8-2-build-windows-amd64-cygwin\jdk8u20\1074\hotspot\src\share\vm\prims\jvm.cpp, line 1275]
Event: 8.419 Thread 0x0000000019c4e000 Exception <a 'java/lang/reflect/InvocationTargetException'> (0x00000000d63176f8) thrown at [D:\re\workspace\8-2-build-windows-amd64-cygwin\jdk8u20\1074\hotspot\src\share\vm\runtime\reflection.cpp, line 1079]

Events (10 events):
Event: 8.530 Executing VM operation: RevokeBias
Event: 8.530 Executing VM operation: RevokeBias done
Event: 8.561 Executing VM operation: RevokeBias
Event: 8.561 Executing VM operation: RevokeBias done
Event: 8.562 Executing VM operation: RevokeBias
Event: 8.562 Executing VM operation: RevokeBias done
Event: 8.563 Executing VM operation: RevokeBias
Event: 8.563 Executing VM operation: RevokeBias done
Event: 8.565 Executing VM operation: RevokeBias
Event: 8.565 Executing VM operation: RevokeBias done


Dynamic libraries:
0x00007ff7347e0000 - 0x00007ff734814000 	C:\Program Files\Java\jre1.8.0_20\bin\javaw.exe
0x00007ffb71f60000 - 0x00007ffb72106000 	C:\windows\SYSTEM32\ntdll.dll
0x00007ffb70de0000 - 0x00007ffb70f1a000 	C:\windows\system32\KERNEL32.DLL
0x00007ffb6f590000 - 0x00007ffb6f69f000 	C:\windows\system32\KERNELBASE.dll
0x00007ffb6def0000 - 0x00007ffb6df78000 	C:\windows\system32\apphelp.dll
0x00007ffb5fee0000 - 0x00007ffb5ff2f000 	C:\windows\AppPatch\AppPatch64\AcGenral.DLL
0x00007ffb71120000 - 0x00007ffb711c7000 	C:\windows\system32\msvcrt.dll
0x00007ffb6f190000 - 0x00007ffb6f1bb000 	C:\windows\SYSTEM32\SspiCli.dll
0x00007ffb6f970000 - 0x00007ffb6f9c1000 	C:\windows\system32\SHLWAPI.dll
0x00007ffb712b0000 - 0x00007ffb71421000 	C:\windows\system32\USER32.dll
0x00007ffb6f7f0000 - 0x00007ffb6f968000 	C:\windows\system32\ole32.dll
0x00007ffb6f9d0000 - 0x00007ffb70ddf000 	C:\windows\system32\SHELL32.dll
0x00007ffb6e970000 - 0x00007ffb6e98e000 	C:\windows\SYSTEM32\USERENV.dll
0x00007ffb71e50000 - 0x00007ffb71ef5000 	C:\windows\system32\ADVAPI32.dll
0x00007ffb5f2a0000 - 0x00007ffb5f2bb000 	C:\windows\SYSTEM32\MPR.dll
0x00007ffb71d10000 - 0x00007ffb71e47000 	C:\windows\system32\RPCRT4.dll
0x00007ffb71b90000 - 0x00007ffb71be7000 	C:\windows\SYSTEM32\sechost.dll
0x00007ffb719a0000 - 0x00007ffb71b76000 	C:\windows\SYSTEM32\combase.dll
0x00007ffb70fd0000 - 0x00007ffb71114000 	C:\windows\system32\GDI32.dll
0x00007ffb6f2e0000 - 0x00007ffb6f2f4000 	C:\windows\SYSTEM32\profapi.dll
0x00007ffb6d780000 - 0x00007ffb6d81f000 	C:\windows\SYSTEM32\SHCORE.dll
0x00007ffb71430000 - 0x00007ffb71464000 	C:\windows\system32\IMM32.DLL
0x00007ffb71860000 - 0x00007ffb71999000 	C:\windows\system32\MSCTF.dll
0x00007ffb6d2e0000 - 0x00007ffb6d53a000 	C:\windows\WinSxS\amd64_microsoft.windows.common-controls_6595b64144ccf1df_6.0.9600.17031_none_6242a4b3ecbb55a1\COMCTL32.dll
0x00000000631b0000 - 0x0000000063282000 	C:\Program Files\Java\jre1.8.0_20\bin\msvcr100.dll
0x00000000626c0000 - 0x0000000062f18000 	C:\Program Files\Java\jre1.8.0_20\bin\server\jvm.dll
0x00007ffb65fd0000 - 0x00007ffb65fd9000 	C:\windows\SYSTEM32\WSOCK32.dll
0x00007ffb679e0000 - 0x00007ffb679ff000 	C:\windows\SYSTEM32\WINMM.dll
0x00007ffb71c90000 - 0x00007ffb71c97000 	C:\windows\system32\PSAPI.DLL
0x00007ffb71f00000 - 0x00007ffb71f58000 	C:\windows\system32\WS2_32.dll
0x00007ffb679b0000 - 0x00007ffb679da000 	C:\windows\SYSTEM32\WINMMBASE.dll
0x00007ffb71b80000 - 0x00007ffb71b89000 	C:\windows\system32\NSI.dll
0x00007ffb6f6f0000 - 0x00007ffb6f73a000 	C:\windows\SYSTEM32\cfgmgr32.dll
0x00007ffb6e160000 - 0x00007ffb6e186000 	C:\windows\SYSTEM32\DEVOBJ.dll
0x00000000626b0000 - 0x00000000626bf000 	C:\Program Files\Java\jre1.8.0_20\bin\verify.dll
0x0000000062680000 - 0x00000000626a8000 	C:\Program Files\Java\jre1.8.0_20\bin\java.dll
0x0000000062660000 - 0x0000000062676000 	C:\Program Files\Java\jre1.8.0_20\bin\zip.dll
0x0000000063010000 - 0x00000000631a8000 	C:\Program Files\Java\jre1.8.0_20\bin\awt.dll
0x00007ffb711d0000 - 0x00007ffb71287000 	C:\windows\system32\OLEAUT32.dll
0x00007ffb6dfe0000 - 0x00007ffb6e101000 	C:\windows\system32\uxtheme.dll
0x00007ffb4f2d0000 - 0x00007ffb4f2fb000 	C:\Program Files (x86)\ATI Technologies\HydraVision\HydraDMH64.dll
0x00007ffb683d0000 - 0x00007ffb684a4000 	C:\windows\SYSTEM32\MSVCR110.dll
0x00007ffb50fd0000 - 0x00007ffb50ff5000 	C:\Program Files (x86)\Raptr\ltc_help64-86352.dll
0x00007ffb6f6a0000 - 0x00007ffb6f6ec000 	C:\windows\system32\WINTRUST.dll
0x00007ffb6f3b0000 - 0x00007ffb6f587000 	C:\windows\system32\CRYPT32.dll
0x00007ffb6f390000 - 0x00007ffb6f3a2000 	C:\windows\system32\MSASN1.dll
0x00007ffb6d5b0000 - 0x00007ffb6d5d0000 	C:\windows\system32\dwmapi.dll
0x00007ffb6e1d0000 - 0x00007ffb6e1da000 	C:\windows\SYSTEM32\kernel.appcore.dll
0x00007ffb6f220000 - 0x00007ffb6f22a000 	C:\windows\SYSTEM32\CRYPTBASE.dll
0x00007ffb6f1c0000 - 0x00007ffb6f220000 	C:\windows\SYSTEM32\bcryptPrimitives.dll
0x00007ffb46d20000 - 0x00007ffb46f28000 	C:\windows\system32\d3d9.dll
0x00007ffb66d40000 - 0x00007ffb66d4a000 	C:\windows\SYSTEM32\VERSION.dll
0x00007ffb45440000 - 0x00007ffb46d1c000 	C:\windows\SYSTEM32\igdumdim64.dll
0x00007ffb6a090000 - 0x00007ffb6a4e2000 	C:\windows\SYSTEM32\igdusc64.dll
0x0000000062fc0000 - 0x0000000063007000 	C:\Program Files\Java\jre1.8.0_20\bin\fontmanager.dll
0x0000000062640000 - 0x000000006265a000 	C:\Program Files\Java\jre1.8.0_20\bin\net.dll
0x00007ffb6ec10000 - 0x00007ffb6ec68000 	C:\windows\system32\mswsock.dll
0x0000000062620000 - 0x0000000062631000 	C:\Program Files\Java\jre1.8.0_20\bin\nio.dll
0x0000000062f70000 - 0x0000000062fb1000 	C:\Program Files\Java\jre1.8.0_20\bin\t2k.dll
0x00007ffb70f20000 - 0x00007ffb70fc4000 	C:\windows\SYSTEM32\clbcatq.dll
0x00007ffb699e0000 - 0x00007ffb69b73000 	C:\windows\SYSTEM32\WindowsCodecs.dll
0x00007ffb6ec70000 - 0x00007ffb6ec8e000 	C:\windows\SYSTEM32\CRYPTSP.dll
0x00007ffb6e860000 - 0x00007ffb6e895000 	C:\windows\system32\rsaenh.dll
0x00007ffb6eea0000 - 0x00007ffb6eec6000 	C:\windows\SYSTEM32\bcrypt.dll
0x00007ffb6c1e0000 - 0x00007ffb6c209000 	C:\windows\SYSTEM32\IPHLPAPI.DLL
0x00007ffb6cd50000 - 0x00007ffb6cd5a000 	C:\windows\SYSTEM32\WINNSI.DLL
0x00007ffb693d0000 - 0x00007ffb693e4000 	C:\windows\SYSTEM32\dhcpcsvc6.DLL
0x00007ffb695c0000 - 0x00007ffb695d9000 	C:\windows\SYSTEM32\dhcpcsvc.DLL
0x00000000637c0000 - 0x00000000637cd000 	C:\Users\Cassandra\AppData\Local\Temp\jogamp_0000\file_cache\jln6891205676165895051\jln3090889185067663125\gluegen-rt.dll
0x00007ffb6f740000 - 0x00007ffb6f7e1000 	C:\windows\WinSxS\amd64_microsoft.windows.common-controls_6595b64144ccf1df_5.82.9600.16384_none_34a8918f959016ea\comctl32.dll
0x0000000062610000 - 0x0000000062617000 	C:\Program Files\Java\jre1.8.0_20\bin\jawt.dll
0x000000006a440000 - 0x000000006a44d000 	C:\Users\Cassandra\AppData\Local\Temp\jogamp_0000\file_cache\jln6891205676165895051\jln3090889185067663125\nativewindow_awt.dll
0x000000006c100000 - 0x000000006c10f000 	C:\Users\Cassandra\AppData\Local\Temp\jogamp_0000\file_cache\jln6891205676165895051\jln3090889185067663125\nativewindow_win32.dll
0x00007ffb55a00000 - 0x00007ffb55b21000 	C:\windows\SYSTEM32\OpenGL32.dll
0x00007ffb559d0000 - 0x00007ffb559fc000 	C:\windows\SYSTEM32\GLU32.dll
0x00007ffb558d0000 - 0x00007ffb559c4000 	C:\windows\SYSTEM32\DDRAW.dll
0x00007ffb58540000 - 0x00007ffb58549000 	C:\windows\SYSTEM32\DCIMAN32.dll
0x0000000064500000 - 0x00000000645a0000 	C:\Users\Cassandra\AppData\Local\Temp\jogamp_0000\file_cache\jln6891205676165895051\jln3090889185067663125\jogl_desktop.dll
0x0000000180000000 - 0x00000001807da000 	C:\windows\SYSTEM32\ig75icd64.dll
0x00007ffb6e990000 - 0x00007ffb6e9d5000 	C:\windows\SYSTEM32\powrprof.dll
0x000000006cbc0000 - 0x000000006cbd2000 	C:\Users\Cassandra\AppData\Local\Temp\jogamp_0000\file_cache\jln6891205676165895051\jln3090889185067663125\newt.dll
0x00007ffb41d20000 - 0x00007ffb41dad000 	C:\windows\SYSTEM32\mscms.dll
0x00007ffb5fe90000 - 0x00007ffb5fed1000 	C:\windows\SYSTEM32\icm32.dll
0x00007ffb6ea20000 - 0x00007ffb6eac3000 	C:\windows\SYSTEM32\DNSAPI.dll
0x0000000063eb0000 - 0x0000000063ed6000 	C:\Program Files\Bonjour\mdnsNSP.dll
0x00007ffb61b00000 - 0x00007ffb61b09000 	C:\Windows\System32\rasadhlp.dll
0x00007ffb694b0000 - 0x00007ffb69518000 	C:\windows\System32\fwpuclnt.dll
0x00007ffb71480000 - 0x00007ffb71654000 	C:\windows\system32\SETUPAPI.dll
0x00007ffb6c210000 - 0x00007ffb6c37f000 	C:\windows\system32\propsys.dll
0x00007ffb603d0000 - 0x00007ffb6056c000 	C:\windows\system32\NetworkExplorer.dll
0x00007ffb58550000 - 0x00007ffb5857b000 	C:\Windows\System32\thumbcache.dll
0x00007ffb5dda0000 - 0x00007ffb5ddab000 	C:\windows\System32\drprov.dll
0x00007ffb6e5b0000 - 0x00007ffb6e607000 	C:\windows\System32\WINSTA.dll
0x00007ffb51050000 - 0x00007ffb51065000 	C:\windows\System32\ntlanman.dll
0x00007ffb51030000 - 0x00007ffb5104e000 	C:\windows\System32\davclnt.dll
0x00007ffb51020000 - 0x00007ffb5102b000 	C:\windows\System32\DAVHLPR.dll
0x00007ffb6cea0000 - 0x00007ffb6ceb6000 	C:\windows\System32\wkscli.dll
0x00007ffb600e0000 - 0x00007ffb600f0000 	C:\windows\SYSTEM32\cscapi.dll
0x00007ffb6e610000 - 0x00007ffb6e61c000 	C:\windows\System32\netutils.dll
0x00007ffb4fb10000 - 0x00007ffb4fb85000 	C:\Windows\System32\dlnashext.dll
0x00007ffb4fac0000 - 0x00007ffb4fb06000 	C:\Windows\System32\PlayToDevice.dll
0x00007ffb4faa0000 - 0x00007ffb4fabc000 	C:\Windows\System32\DevDispItemProvider.dll
0x00007ffb57cf0000 - 0x00007ffb57edf000 	C:\windows\system32\wpdshext.dll
0x00007ffb67a00000 - 0x00007ffb67b98000 	C:\windows\WinSxS\amd64_microsoft.windows.gdiplus_6595b64144ccf1df_1.1.9600.17227_none_932c0e57474f5080\gdiplus.dll
0x00007ffb5ffa0000 - 0x00007ffb60046000 	C:\Windows\System32\PortableDeviceApi.dll
0x00007ffb5cbd0000 - 0x00007ffb5ce8e000 	C:\Windows\System32\actxprxy.dll
0x00007ffb5fe50000 - 0x00007ffb5fe86000 	C:\Windows\System32\EhStorShell.dll
0x00007ffb5ef10000 - 0x00007ffb5ef35000 	C:\Windows\System32\EhStorAPI.dll
0x00007ffb6df80000 - 0x00007ffb6df91000 	C:\Windows\System32\WTSAPI32.dll
0x00007ffb6cdb0000 - 0x00007ffb6cdbc000 	C:\windows\SYSTEM32\LINKINFO.dll
0x00000000625d0000 - 0x0000000062601000 	C:\Program Files\Java\jre1.8.0_20\bin\jpeg.dll
0x00007ffb51940000 - 0x00007ffb51ac8000 	C:\windows\SYSTEM32\dbghelp.dll

VM Arguments:
jvm_args: -Dfile.encoding=Cp1252 
java_command: com.sandwell.JavaSimulation3D.GUIFrame
java_class_path (initial): C:\Users\Cassandra\git\rolosRepo;C:\Users\Cassandra\git\rolosRepo\resources\jar\gluegen-rt-natives-linux-amd64.jar;C:\Users\Cassandra\git\rolosRepo\resources\jar\gluegen-rt-natives-linux-i586.jar;C:\Users\Cassandra\git\rolosRepo\resources\jar\gluegen-rt-natives-macosx-universal.jar;C:\Users\Cassandra\git\rolosRepo\resources\jar\gluegen-rt-natives-windows-amd64.jar;C:\Users\Cassandra\git\rolosRepo\resources\jar\gluegen-rt-natives-windows-i586.jar;C:\Users\Cassandra\git\rolosRepo\resources\jar\gluegen-rt.jar;C:\Users\Cassandra\git\rolosRepo\resources\jar\jogl-all-natives-linux-amd64.jar;C:\Users\Cassandra\git\rolosRepo\resources\jar\jogl-all-natives-linux-i586.jar;C:\Users\Cassandra\git\rolosRepo\resources\jar\jogl-all-natives-macosx-universal.jar;C:\Users\Cassandra\git\rolosRepo\resources\jar\jogl-all-natives-windows-amd64.jar;C:\Users\Cassandra\git\rolosRepo\resources\jar\jogl-all-natives-windows-i586.jar;C:\Users\Cassandra\git\rolosRepo\resources\jar\jogl-all.jar;C:\Users\Cassandra\git\rolosRepo\resources\jar\postgresql-9.3-1101.jdbc4.jar;C:\Users\Cassandra\git\rolosRepo\resources\jar\postgresql-9.3-1101.jdbc41.jar;C:\Users\Cassandra\git\rolosRepo\resources\jar\worldwind.jar;C:\Users\Cassandra\git\rolosRepo\resources\jar\worldwindx.jar;C:\Users\Cassandra\git\rolosRepo\resources\jar\commons-codec-1.5.jar;C:\Users\Cassandra\git\rolosRepo\resources\jar\commons-logging-1.1.jar;C:\Users\Cassandra\git\rolosRepo\resources\jar\dom4j-1.6.1.jar;C:\Users\Cassandra\git\rolosRepo\resources\jar\junit-4.11.jar;C:\Users\Cassandra\git\rolosRepo\resources\jar\log4j-1.2.13.jar;C:\Users\Cassandra\git\rolosRepo\resources\jar\poi-3.10-FINAL-20140208.jar;C:\Users\Cassandra\git\rolosRepo\resources\jar\poi-examples-3.10-FINAL-20140208.jar;C:\Users\Cassandra\git\rolosRepo\resources\jar\poi-excelant-3.10-FINAL-20140208.jar;C:\Users\Cassandra\git\rolosRepo\resources\jar\poi-ooxml-3.10-FINAL-20140208.jar;C:\Users\Cassandra\git\rolosRepo\resources\jar\poi-ooxml-sche
Launcher Type: SUN_STANDARD

Environment Variables:
PATH=C:/Program Files/Java/jre1.8.0_20/bin/server;C:/Program Files/Java/jre1.8.0_20/bin;C:/Program Files/Java/jre1.8.0_20/lib/amd64;C:\ProgramData\Oracle\Java\javapath;C:\Program Files (x86)\NVIDIA Corporation\PhysX\Common;C:\Program Files (x86)\PHP\;C:\Program Files (x86)\Lenovo\FusionEngine;C:\Program Files (x86)\Intel\iCLS Client\;C:\Program Files\Intel\iCLS Client\;C:\windows\system32;C:\windows;C:\windows\System32\Wbem;C:\windows\System32\WindowsPowerShell\v1.0\;C:\Program Files\Intel\Intel(R) Management Engine Components\DAL;C:\Program Files\Intel\Intel(R) Management Engine Components\IPT;C:\Program Files (x86)\Intel\Intel(R) Management Engine Components\DAL;C:\Program Files (x86)\Intel\Intel(R) Management Engine Components\IPT;C:\Program Files (x86)\ATI Technologies\ATI.ACE\Core-Static;C:\Program Files\Intel\WiFi\bin\;C:\Program Files\Common Files\Intel\WirelessCommon\;C:\Program Files (x86)\Lenovo\Motion Control\;C:\Program Files\Microsoft\Web Platform Installer\;C:\Users\Cassandra\Documents\eclipse-standard-luna-R-win32-x86_64\eclipse;
USERNAME=Cassandra
OS=Windows_NT
PROCESSOR_IDENTIFIER=Intel64 Family 6 Model 69 Stepping 1, GenuineIntel



---------------  S Y S T E M  ---------------

OS: Windows 8.1 , 64 bit Build 9600 

CPU:total 4 (2 cores per cpu, 2 threads per core) family 6 model 69 stepping 1, cmov, cx8, fxsr, mmx, sse, sse2, sse3, ssse3, sse4.1, sse4.2, popcnt, avx, avx2, aes, clmul, erms, lzcnt, ht, tsc, tscinvbit, bmi1, bmi2

Memory: 4k page, physical 8307672k(4694148k free), swap 9618392k(4680900k free)

vm_info: Java HotSpot(TM) 64-Bit Server VM (25.20-b23) for windows-amd64 JRE (1.8.0_20-b26), built on Jul 30 2014 13:51:23 by "java_re" with MS VC++ 10.0 (VS2010)

time: Tue Sep 30 11:21:55 2014
elapsed time: 8 seconds (0d 0h 0m 8s)

